#
# There is insufficient memory for the Java Runtime Environment to continue.
# Native memory allocation (mmap) failed to map 174587904 bytes for committing reserved memory.
# Possible reasons:
#   The system is out of physical RAM or swap space
#   In 32 bit mode, the process size limit was hit
# Possible solutions:
#   Reduce memory load on the system
#   Increase physical memory or swap space
#   Check if swap backing store is full
#   Use 64 bit Java on a 64 bit OS
#   Decrease Java heap size (-Xmx/-Xms)
#   Decrease number of Java threads
#   Decrease Java thread stack sizes (-Xss)
#   Set larger code cache with -XX:ReservedCodeCacheSize=
# This output file may be truncated or incomplete.
#
#  Out of Memory Error (os_linux.cpp:2643), pid=17177, tid=0x00007fc29f360700
#
# JRE version: OpenJDK Runtime Environment (8.0_171-b11) (build 1.8.0_171-8u171-b11-0ubuntu0.18.04.1-b11)
# Java VM: OpenJDK 64-Bit Server VM (25.171-b11 mixed mode linux-amd64 compressed oops)
# Failed to write core dump. Core dumps have been disabled. To enable core dumping, try "ulimit -c unlimited" before starting Java again
#

---------------  T H R E A D  ---------------

Current thread (0x00007fc2c4079800):  VMThread [stack: 0x00007fc29f261000,0x00007fc29f361000] [id=17188]

Stack: [0x00007fc29f261000,0x00007fc29f361000],  sp=0x00007fc29f35f440,  free space=1017k
Native frames: (J=compiled Java code, j=interpreted, Vv=VM code, C=native code)
V  [libjvm.so+0xaab382]
V  [libjvm.so+0x4d79a7]
V  [libjvm.so+0x8e66c0]
V  [libjvm.so+0x8e0c1e]
V  [libjvm.so+0x961436]
V  [libjvm.so+0x9500aa]
V  [libjvm.so+0x950278]
V  [libjvm.so+0x950e80]
V  [libjvm.so+0x95721c]
V  [libjvm.so+0x95f305]
V  [libjvm.so+0x90d978]
V  [libjvm.so+0xaad042]
V  [libjvm.so+0xab1c26]
V  [libjvm.so+0xaafec5]
V  [libjvm.so+0xab083d]
V  [libjvm.so+0xab0c17]
V  [libjvm.so+0x8e3b12]

VM_Operation (0x00007fc2cc4e55d0): ParallelGCFailedAllocation, mode: safepoint, requested by thread 0x00007fc2c400b800


---------------  P R O C E S S  ---------------

Java Threads: ( => current thread )
  0x00007fc2c40ca800 JavaThread "Service Thread" daemon [_thread_blocked, id=17196, stack(0x00007fc29e18a000,0x00007fc29e28b000)]
  0x00007fc2c40bf000 JavaThread "C1 CompilerThread2" daemon [_thread_blocked, id=17195, stack(0x00007fc29e28c000,0x00007fc29e38c000)]
  0x00007fc2c40bd800 JavaThread "C2 CompilerThread1" daemon [_thread_blocked, id=17194, stack(0x00007fc29e38d000,0x00007fc29e48d000)]
  0x00007fc2c40ba800 JavaThread "C2 CompilerThread0" daemon [_thread_blocked, id=17193, stack(0x00007fc29e48e000,0x00007fc29e58e000)]
  0x00007fc2c40b9000 JavaThread "Signal Dispatcher" daemon [_thread_blocked, id=17192, stack(0x00007fc29e58e000,0x00007fc29e68f000)]
  0x00007fc2c4085800 JavaThread "Finalizer" daemon [_thread_blocked, id=17190, stack(0x00007fc29f05e000,0x00007fc29f15f000)]
  0x00007fc2c4081000 JavaThread "Reference Handler" daemon [_thread_blocked, id=17189, stack(0x00007fc29f15f000,0x00007fc29f260000)]
  0x00007fc2c400b800 JavaThread "main" [_thread_blocked, id=17183, stack(0x00007fc2cc3e7000,0x00007fc2cc4e7000)]

Other Threads:
=>0x00007fc2c4079800 VMThread [stack: 0x00007fc29f261000,0x00007fc29f361000] [id=17188]
  0x00007fc2c40cd000 WatcherThread [stack: 0x00007fc29e08a000,0x00007fc29e18a000] [id=17197]

VM state:at safepoint (normal execution)

VM Mutex/Monitor currently owned by a thread:  ([mutex/lock_event])
[0x00007fc2c4007b70] ExpandHeap_lock - owner thread: 0x00007fc2c4079800
[0x00007fc2c40081f0] Threads_lock - owner thread: 0x00007fc2c4079800
[0x00007fc2c40086f0] Heap_lock - owner thread: 0x00007fc2c400b800

Heap:
 PSYoungGen      total 332800K, used 109960K [0x00000000d6f80000, 0x00000000fad80000, 0x0000000100000000)
  eden space 215040K, 0% used [0x00000000d6f80000,0x00000000d6f80000,0x00000000e4180000)
  from space 117760K, 93% used [0x00000000e4180000,0x00000000eace21b0,0x00000000eb480000)
  to   space 157696K, 0% used [0x00000000f1380000,0x00000000f1380000,0x00000000fad80000)
 ParOldGen       total 240128K, used 239705K [0x0000000084e00000, 0x0000000093880000, 0x00000000d6f80000)
  object space 240128K, 99% used [0x0000000084e00000,0x0000000093816750,0x0000000093880000)
 Metaspace       used 3119K, capacity 4568K, committed 4864K, reserved 1056768K
  class space    used 324K, capacity 392K, committed 512K, reserved 1048576K

Card table byte_map: [0x00007fc2c85a9000,0x00007fc2c8983000] byte_map_base: 0x00007fc2c8182000

Marking Bits: (ParMarkBitMap*) 0x00007fc2cb67c140
 Begin Bits: [0x00007fc2a0270000, 0x00007fc2a2138000)
 End Bits:   [0x00007fc2a2138000, 0x00007fc2a4000000)

Polling page: 0x00007fc2cc4fd000

CodeCache: size=245760Kb used=1893Kb max_used=1906Kb free=243866Kb
 bounds [0x00007fc2b5000000, 0x00007fc2b5270000, 0x00007fc2c4000000]
 total_blobs=451 nmethods=215 adapters=151
 compilation: enabled

Compilation events (10 events):
Event: 5,555 Thread 0x00007fc2c40bd800  211       4       java.nio.HeapByteBuffer::compact (52 bytes)
Event: 5,555 Thread 0x00007fc2c40ba800  212       4       java.io.FileInputStream::available (5 bytes)
Event: 5,556 Thread 0x00007fc2c40ba800 nmethod 212 0x00007fc2b51c39d0 code [0x00007fc2b51c3b20, 0x00007fc2b51c3ba8]
Event: 5,564 Thread 0x00007fc2c40bd800 nmethod 211 0x00007fc2b51d9290 code [0x00007fc2b51d9400, 0x00007fc2b51d9618]
Event: 5,582 Thread 0x00007fc2c40ba800  213   !   4       sun.nio.cs.StreamDecoder::inReady (36 bytes)
Event: 5,583 Thread 0x00007fc2c40ba800 nmethod 213 0x00007fc2b51d8f10 code [0x00007fc2b51d9080, 0x00007fc2b51d9188]
Event: 6,599 Thread 0x00007fc2c40bd800  214       4       java.nio.Buffer::<init> (121 bytes)
Event: 6,776 Thread 0x00007fc2c40bd800 nmethod 214 0x00007fc2b51dc190 code [0x00007fc2b51dc300, 0x00007fc2b51dc4b8]
Event: 6,777 Thread 0x00007fc2c40ba800  215   !   4       sun.nio.cs.StreamDecoder::readBytes (289 bytes)
Event: 6,810 Thread 0x00007fc2c40ba800 nmethod 215 0x00007fc2b51dc690 code [0x00007fc2b51dc860, 0x00007fc2b51dcdf8]

GC Heap History (10 events):
Event: 2,867 GC heap after
Heap after GC invocations=7 (full 2):
 PSYoungGen      total 132096K, used 0K [0x00000000d6f80000, 0x00000000e7a80000, 0x0000000100000000)
  eden space 126976K, 0% used [0x00000000d6f80000,0x00000000d6f80000,0x00000000deb80000)
  from space 5120K, 0% used [0x00000000deb80000,0x00000000deb80000,0x00000000df080000)
  to   space 48640K, 0% used [0x00000000e4b00000,0x00000000e4b00000,0x00000000e7a80000)
 ParOldGen       total 240128K, used 110796K [0x0000000084e00000, 0x0000000093880000, 0x00000000d6f80000)
  object space 240128K, 46% used [0x0000000084e00000,0x000000008ba333d8,0x0000000093880000)
 Metaspace       used 3119K, capacity 4568K, committed 4864K, reserved 1056768K
  class space    used 324K, capacity 392K, committed 512K, reserved 1048576K
}
Event: 3,172 GC heap before
{Heap before GC invocations=8 (full 2):
 PSYoungGen      total 132096K, used 126976K [0x00000000d6f80000, 0x00000000e7a80000, 0x0000000100000000)
  eden space 126976K, 100% used [0x00000000d6f80000,0x00000000deb80000,0x00000000deb80000)
  from space 5120K, 0% used [0x00000000deb80000,0x00000000deb80000,0x00000000df080000)
  to   space 48640K, 0% used [0x00000000e4b00000,0x00000000e4b00000,0x00000000e7a80000)
 ParOldGen       total 240128K, used 110796K [0x0000000084e00000, 0x0000000093880000, 0x00000000d6f80000)
  object space 240128K, 46% used [0x0000000084e00000,0x000000008ba333d8,0x0000000093880000)
 Metaspace       used 3119K, capacity 4568K, committed 4864K, reserved 1056768K
  class space    used 324K, capacity 392K, committed 512K, reserved 1048576K
Event: 3,813 GC heap after
Heap after GC invocations=8 (full 2):
 PSYoungGen      total 217088K, used 44800K [0x00000000d6f80000, 0x00000000e8480000, 0x0000000100000000)
  eden space 168448K, 0% used [0x00000000d6f80000,0x00000000d6f80000,0x00000000e1400000)
  from space 48640K, 92% used [0x00000000e4b00000,0x00000000e76c0000,0x00000000e7a80000)
  to   space 56320K, 0% used [0x00000000e1400000,0x00000000e1400000,0x00000000e4b00000)
 ParOldGen       total 240128K, used 110796K [0x0000000084e00000, 0x0000000093880000, 0x00000000d6f80000)
  object space 240128K, 46% used [0x0000000084e00000,0x000000008ba333d8,0x0000000093880000)
 Metaspace       used 3119K, capacity 4568K, committed 4864K, reserved 1056768K
  class space    used 324K, capacity 392K, committed 512K, reserved 1048576K
}
Event: 4,154 GC heap before
{Heap before GC invocations=9 (full 2):
 PSYoungGen      total 217088K, used 213248K [0x00000000d6f80000, 0x00000000e8480000, 0x0000000100000000)
  eden space 168448K, 100% used [0x00000000d6f80000,0x00000000e1400000,0x00000000e1400000)
  from space 48640K, 92% used [0x00000000e4b00000,0x00000000e76c0000,0x00000000e7a80000)
  to   space 56320K, 0% used [0x00000000e1400000,0x00000000e1400000,0x00000000e4b00000)
 ParOldGen       total 240128K, used 110796K [0x0000000084e00000, 0x0000000093880000, 0x00000000d6f80000)
  object space 240128K, 46% used [0x0000000084e00000,0x000000008ba333d8,0x0000000093880000)
 Metaspace       used 3119K, capacity 4568K, committed 4864K, reserved 1056768K
  class space    used 324K, capacity 392K, committed 512K, reserved 1048576K
Event: 5,194 GC heap after
Heap after GC invocations=9 (full 2):
 PSYoungGen      total 224768K, used 56313K [0x00000000d6f80000, 0x00000000f0c80000, 0x0000000100000000)
  eden space 168448K, 0% used [0x00000000d6f80000,0x00000000d6f80000,0x00000000e1400000)
  from space 56320K, 99% used [0x00000000e1400000,0x00000000e4afe520,0x00000000e4b00000)
  to   space 90112K, 0% used [0x00000000eb480000,0x00000000eb480000,0x00000000f0c80000)
 ParOldGen       total 240128K, used 158820K [0x0000000084e00000, 0x0000000093880000, 0x00000000d6f80000)
  object space 240128K, 66% used [0x0000000084e00000,0x000000008e9193d8,0x0000000093880000)
 Metaspace       used 3119K, capacity 4568K, committed 4864K, reserved 1056768K
  class space    used 324K, capacity 392K, committed 512K, reserved 1048576K
}
Event: 5,617 GC heap before
{Heap before GC invocations=10 (full 2):
 PSYoungGen      total 224768K, used 224761K [0x00000000d6f80000, 0x00000000f0c80000, 0x0000000100000000)
  eden space 168448K, 100% used [0x00000000d6f80000,0x00000000e1400000,0x00000000e1400000)
  from space 56320K, 99% used [0x00000000e1400000,0x00000000e4afe520,0x00000000e4b00000)
  to   space 90112K, 0% used [0x00000000eb480000,0x00000000eb480000,0x00000000f0c80000)
 ParOldGen       total 240128K, used 158820K [0x0000000084e00000, 0x0000000093880000, 0x00000000d6f80000)
  object space 240128K, 66% used [0x0000000084e00000,0x000000008e9193d8,0x0000000093880000)
 Metaspace       used 3119K, capacity 4568K, committed 4864K, reserved 1056768K
  class space    used 324K, capacity 392K, committed 512K, reserved 1048576K
Event: 6,238 GC heap after
Heap after GC invocations=10 (full 2):
 PSYoungGen      total 305152K, used 90101K [0x00000000d6f80000, 0x00000000f4700000, 0x0000000100000000)
  eden space 215040K, 0% used [0x00000000d6f80000,0x00000000d6f80000,0x00000000e4180000)
  from space 90112K, 99% used [0x00000000eb480000,0x00000000f0c7d7a0,0x00000000f0c80000)
  to   space 117760K, 0% used [0x00000000e4180000,0x00000000e4180000,0x00000000eb480000)
 ParOldGen       total 240128K, used 184476K [0x0000000084e00000, 0x0000000093880000, 0x00000000d6f80000)
  object space 240128K, 76% used [0x0000000084e00000,0x00000000902273d8,0x0000000093880000)
 Metaspace       used 3119K, capacity 4568K, committed 4864K, reserved 1056768K
  class space    used 324K, capacity 392K, committed 512K, reserved 1048576K
}
Event: 7,145 GC heap before
{Heap before GC invocations=11 (full 2):
 PSYoungGen      total 305152K, used 305141K [0x00000000d6f80000, 0x00000000f4700000, 0x0000000100000000)
  eden space 215040K, 100% used [0x00000000d6f80000,0x00000000e4180000,0x00000000e4180000)
  from space 90112K, 99% used [0x00000000eb480000,0x00000000f0c7d7a0,0x00000000f0c80000)
  to   space 117760K, 0% used [0x00000000e4180000,0x00000000e4180000,0x00000000eb480000)
 ParOldGen       total 240128K, used 184476K [0x0000000084e00000, 0x0000000093880000, 0x00000000d6f80000)
  object space 240128K, 76% used [0x0000000084e00000,0x00000000902273d8,0x0000000093880000)
 Metaspace       used 3119K, capacity 4568K, committed 4864K, reserved 1056768K
  class space    used 324K, capacity 392K, committed 512K, reserved 1048576K
Event: 7,469 GC heap after
Heap after GC invocations=11 (full 2):
 PSYoungGen      total 332800K, used 117749K [0x00000000d6f80000, 0x00000000fad80000, 0x0000000100000000)
  eden space 215040K, 0% used [0x00000000d6f80000,0x00000000d6f80000,0x00000000e4180000)
  from space 117760K, 99% used [0x00000000e4180000,0x00000000eb47d7a0,0x00000000eb480000)
  to   space 157696K, 0% used [0x00000000f1380000,0x00000000f1380000,0x00000000fad80000)
 ParOldGen       total 240128K, used 232692K [0x0000000084e00000, 0x0000000093880000, 0x00000000d6f80000)
  object space 240128K, 96% used [0x0000000084e00000,0x000000009313d3d8,0x0000000093880000)
 Metaspace       used 3119K, capacity 4568K, committed 4864K, reserved 1056768K
  class space    used 324K, capacity 392K, committed 512K, reserved 1048576K
}
Event: 7,474 GC heap before
{Heap before GC invocations=12 (full 3):
 PSYoungGen      total 332800K, used 117749K [0x00000000d6f80000, 0x00000000fad80000, 0x0000000100000000)
  eden space 215040K, 0% used [0x00000000d6f80000,0x00000000d6f80000,0x00000000e4180000)
  from space 117760K, 99% used [0x00000000e4180000,0x00000000eb47d7a0,0x00000000eb480000)
  to   space 157696K, 0% used [0x00000000f1380000,0x00000000f1380000,0x00000000fad80000)
 ParOldGen       total 240128K, used 232692K [0x0000000084e00000, 0x0000000093880000, 0x00000000d6f80000)
  object space 240128K, 96% used [0x0000000084e00000,0x000000009313d3d8,0x0000000093880000)
 Metaspace       used 3119K, capacity 4568K, committed 4864K, reserved 1056768K
  class space    used 324K, capacity 392K, committed 512K, reserved 1048576K

Deoptimization events (0 events):
No events

Classes redefined (0 events):
No events

Internal exceptions (5 events):
Event: 0,073 Thread 0x00007fc2c400b800 Exception <a 'java/lang/NoSuchMethodError': Method sun.misc.Unsafe.defineClass(Ljava/lang/String;[BII)Ljava/lang/Class; name or signature does not match> (0x00000000d6f87cb0) thrown at [/build/openjdk-8-TuolsG/openjdk-8-8u171-b11/src/hotspot/src/share/vm/
Event: 0,073 Thread 0x00007fc2c400b800 Exception <a 'java/lang/NoSuchMethodError': Method sun.misc.Unsafe.prefetchRead(Ljava/lang/Object;J)V name or signature does not match> (0x00000000d6f87f98) thrown at [/build/openjdk-8-TuolsG/openjdk-8-8u171-b11/src/hotspot/src/share/vm/prims/jni.cpp, lin
Event: 0,126 Thread 0x00007fc2c400b800 Exception <a 'java/util/zip/ZipException'> (0x00000000d6fe2ed8) thrown at [/build/openjdk-8-TuolsG/openjdk-8-8u171-b11/src/hotspot/src/share/vm/prims/jni.cpp, line 709]
Event: 0,126 Thread 0x00007fc2c400b800 Exception <a 'java/security/PrivilegedActionException'> (0x00000000d6fe3178) thrown at [/build/openjdk-8-TuolsG/openjdk-8-8u171-b11/src/hotspot/src/share/vm/prims/jvm.cpp, line 1435]
Event: 0,126 Thread 0x00007fc2c400b800 Exception <a 'java/security/PrivilegedActionException'> (0x00000000d6fe3388) thrown at [/build/openjdk-8-TuolsG/openjdk-8-8u171-b11/src/hotspot/src/share/vm/prims/jvm.cpp, line 1435]

Events (10 events):
Event: 2,867 Executing VM operation: ParallelGCFailedAllocation done
Event: 3,172 Executing VM operation: ParallelGCFailedAllocation
Event: 3,832 Executing VM operation: ParallelGCFailedAllocation done
Event: 4,131 Executing VM operation: EnableBiasedLocking
Event: 4,132 Executing VM operation: EnableBiasedLocking done
Event: 4,154 Executing VM operation: ParallelGCFailedAllocation
Event: 5,312 Executing VM operation: ParallelGCFailedAllocation done
Event: 5,613 Executing VM operation: ParallelGCFailedAllocation
Event: 6,375 Executing VM operation: ParallelGCFailedAllocation done
Event: 7,145 Executing VM operation: ParallelGCFailedAllocation


Dynamic libraries:
84e00000-93880000 rw-p 00000000 00:00 0 
9df00000-d6f80000 ---p 00000000 00:00 0 
d6f80000-fad80000 rw-p 00000000 00:00 0 
fad80000-100000000 ---p 00000000 00:00 0 
100000000-100080000 rw-p 00000000 00:00 0 
100080000-140000000 ---p 00000000 00:00 0 
55a3c2b6c000-55a3c2b6d000 r-xp 00000000 08:02 9179784                    /usr/lib/jvm/java-8-openjdk-amd64/jre/bin/java
55a3c2d6c000-55a3c2d6d000 r--p 00000000 08:02 9179784                    /usr/lib/jvm/java-8-openjdk-amd64/jre/bin/java
55a3c2d6d000-55a3c2d6e000 rw-p 00001000 08:02 9179784                    /usr/lib/jvm/java-8-openjdk-amd64/jre/bin/java
55a3c4adc000-55a3c4afd000 rw-p 00000000 00:00 0                          [heap]
7fc278000000-7fc278021000 rw-p 00000000 00:00 0 
7fc278021000-7fc27c000000 ---p 00000000 00:00 0 
7fc27c000000-7fc27c021000 rw-p 00000000 00:00 0 
7fc27c021000-7fc280000000 ---p 00000000 00:00 0 
7fc280000000-7fc2804a7000 rw-p 00000000 00:00 0 
7fc2804a7000-7fc284000000 ---p 00000000 00:00 0 
7fc284000000-7fc28459a000 rw-p 00000000 00:00 0 
7fc28459a000-7fc288000000 ---p 00000000 00:00 0 
7fc288000000-7fc288021000 rw-p 00000000 00:00 0 
7fc288021000-7fc28c000000 ---p 00000000 00:00 0 
7fc28c000000-7fc28c2cd000 rw-p 00000000 00:00 0 
7fc28c2cd000-7fc290000000 ---p 00000000 00:00 0 
7fc290000000-7fc290021000 rw-p 00000000 00:00 0 
7fc290021000-7fc294000000 ---p 00000000 00:00 0 
7fc294000000-7fc294021000 rw-p 00000000 00:00 0 
7fc294021000-7fc298000000 ---p 00000000 00:00 0 
7fc298000000-7fc298021000 rw-p 00000000 00:00 0 
7fc298021000-7fc29c000000 ---p 00000000 00:00 0 
7fc29e05b000-7fc29e06e000 r--s 00346000 08:02 9179872                    /usr/lib/jvm/java-8-openjdk-amd64/jre/lib/resources.jar
7fc29e06e000-7fc29e089000 r--s 001d6000 08:02 9179849                    /usr/lib/jvm/java-8-openjdk-amd64/jre/lib/ext/nashorn.jar
7fc29e089000-7fc29e08a000 ---p 00000000 00:00 0 
7fc29e08a000-7fc29e18a000 rw-p 00000000 00:00 0 
7fc29e18a000-7fc29e18d000 ---p 00000000 00:00 0 
7fc29e18d000-7fc29e28b000 rw-p 00000000 00:00 0 
7fc29e28b000-7fc29e28c000 ---p 00000000 00:00 0 
7fc29e28c000-7fc29e28f000 ---p 00000000 00:00 0 
7fc29e28f000-7fc29e38c000 rw-p 00000000 00:00 0 
7fc29e38c000-7fc29e38d000 ---p 00000000 00:00 0 
7fc29e38d000-7fc29e390000 ---p 00000000 00:00 0 
7fc29e390000-7fc29e48d000 rw-p 00000000 00:00 0 
7fc29e48d000-7fc29e48e000 ---p 00000000 00:00 0 
7fc29e48e000-7fc29e491000 ---p 00000000 00:00 0 
7fc29e491000-7fc29e58e000 rw-p 00000000 00:00 0 
7fc29e58e000-7fc29e591000 ---p 00000000 00:00 0 
7fc29e591000-7fc29e68f000 rw-p 00000000 00:00 0 
7fc29e68f000-7fc29f05e000 r--p 00000000 08:02 8657529                    /usr/lib/locale/locale-archive
7fc29f05e000-7fc29f061000 ---p 00000000 00:00 0 
7fc29f061000-7fc29f15f000 rw-p 00000000 00:00 0 
7fc29f15f000-7fc29f162000 ---p 00000000 00:00 0 
7fc29f162000-7fc29f260000 rw-p 00000000 00:00 0 
7fc29f260000-7fc29f261000 ---p 00000000 00:00 0 
7fc29f261000-7fc2a4000000 rw-p 00000000 00:00 0 
7fc2a4000000-7fc2a4021000 rw-p 00000000 00:00 0 
7fc2a4021000-7fc2a8000000 ---p 00000000 00:00 0 
7fc2a8000000-7fc2a8021000 rw-p 00000000 00:00 0 
7fc2a8021000-7fc2ac000000 ---p 00000000 00:00 0 
7fc2ac000000-7fc2ac021000 rw-p 00000000 00:00 0 
7fc2ac021000-7fc2b0000000 ---p 00000000 00:00 0 
7fc2b0000000-7fc2b0021000 rw-p 00000000 00:00 0 
7fc2b0021000-7fc2b4000000 ---p 00000000 00:00 0 
7fc2b4004000-7fc2b4005000 r--s 00005000 08:02 9437224                    /home/hjk/Documents/Uni/NoSQL/redis/DB-Zerstoerer/redis uebung/json-simple-1.1.1.jar
7fc2b4005000-7fc2b400a000 r--s 002f9000 08:02 9179834                    /usr/lib/jvm/java-8-openjdk-amd64/jre/lib/charsets.jar
7fc2b400a000-7fc2b400f000 r--s 0009d000 08:02 9179867                    /usr/lib/jvm/java-8-openjdk-amd64/jre/lib/jsse.jar
7fc2b400f000-7fc2b40e1000 rw-p 00000000 00:00 0 
7fc2b40e1000-7fc2b42b0000 r--s 03c2f000 08:02 9179873                    /usr/lib/jvm/java-8-openjdk-amd64/jre/lib/rt.jar
7fc2b42b0000-7fc2b4766000 rw-p 00000000 00:00 0 
7fc2b4766000-7fc2b4b26000 ---p 00000000 00:00 0 
7fc2b4b26000-7fc2b4eff000 rw-p 00000000 00:00 0 
7fc2b4eff000-7fc2b4f00000 ---p 00000000 00:00 0 
7fc2b4f00000-7fc2b5000000 rw-p 00000000 00:00 0 
7fc2b5000000-7fc2b5270000 rwxp 00000000 00:00 0 
7fc2b5270000-7fc2c4000000 ---p 00000000 00:00 0 
7fc2c4000000-7fc2c41ce000 rw-p 00000000 00:00 0 
7fc2c41ce000-7fc2c8000000 ---p 00000000 00:00 0 
7fc2c8000000-7fc2c8002000 r--s 00016000 08:02 9179865                    /usr/lib/jvm/java-8-openjdk-amd64/jre/lib/jce.jar
7fc2c8002000-7fc2c8005000 r--s 0000f000 08:02 9179846                    /usr/lib/jvm/java-8-openjdk-amd64/jre/lib/ext/icedtea-sound.jar
7fc2c8005000-7fc2c8006000 r--s 0000a000 08:02 9179847                    /usr/lib/jvm/java-8-openjdk-amd64/jre/lib/ext/jaccess.jar
7fc2c8006000-7fc2c8008000 r--s 00007000 08:02 9048170                    /usr/share/java/java-atk-wrapper.jar
7fc2c8008000-7fc2c800b000 r--s 00038000 08:02 9179852                    /usr/lib/jvm/java-8-openjdk-amd64/jre/lib/ext/sunpkcs11.jar
7fc2c800b000-7fc2c8015000 r--s 00116000 08:02 9179848                    /usr/lib/jvm/java-8-openjdk-amd64/jre/lib/ext/localedata.jar
7fc2c8015000-7fc2c8016000 ---p 00000000 00:00 0 
7fc2c8016000-7fc2c8116000 rw-p 00000000 00:00 0 
7fc2c8116000-7fc2c8117000 ---p 00000000 00:00 0 
7fc2c8117000-7fc2c8217000 rw-p 00000000 00:00 0 
7fc2c8217000-7fc2c8218000 ---p 00000000 00:00 0 
7fc2c8218000-7fc2c838e000 rw-p 00000000 00:00 0 
7fc2c838e000-7fc2c85a9000 ---p 00000000 00:00 0 
7fc2c85a9000-7fc2c861f000 rw-p 00000000 00:00 0 
7fc2c861f000-7fc2c8839000 ---p 00000000 00:00 0 
7fc2c8839000-7fc2c8959000 rw-p 00000000 00:00 0 
7fc2c8959000-7fc2c8982000 ---p 00000000 00:00 0 
7fc2c8982000-7fc2c898d000 rw-p 00000000 00:00 0 
7fc2c898d000-7fc2c8d43000 ---p 00000000 00:00 0 
7fc2c8d43000-7fc2c8d4b000 r-xp 00000000 08:02 9179830                    /usr/lib/jvm/java-8-openjdk-amd64/jre/lib/amd64/libzip.so
7fc2c8d4b000-7fc2c8f4a000 ---p 00008000 08:02 9179830                    /usr/lib/jvm/java-8-openjdk-amd64/jre/lib/amd64/libzip.so
7fc2c8f4a000-7fc2c8f4b000 r--p 00007000 08:02 9179830                    /usr/lib/jvm/java-8-openjdk-amd64/jre/lib/amd64/libzip.so
7fc2c8f4b000-7fc2c8f4c000 rw-p 00008000 08:02 9179830                    /usr/lib/jvm/java-8-openjdk-amd64/jre/lib/amd64/libzip.so
7fc2c8f4c000-7fc2c8f57000 r-xp 00000000 08:02 15340212                   /lib/x86_64-linux-gnu/libnss_files-2.27.so
7fc2c8f57000-7fc2c9156000 ---p 0000b000 08:02 15340212                   /lib/x86_64-linux-gnu/libnss_files-2.27.so
7fc2c9156000-7fc2c9157000 r--p 0000a000 08:02 15340212                   /lib/x86_64-linux-gnu/libnss_files-2.27.so
7fc2c9157000-7fc2c9158000 rw-p 0000b000 08:02 15340212                   /lib/x86_64-linux-gnu/libnss_files-2.27.so
7fc2c9158000-7fc2c915e000 rw-p 00000000 00:00 0 
7fc2c915e000-7fc2c9175000 r-xp 00000000 08:02 15340206                   /lib/x86_64-linux-gnu/libnsl-2.27.so
7fc2c9175000-7fc2c9374000 ---p 00017000 08:02 15340206                   /lib/x86_64-linux-gnu/libnsl-2.27.so
7fc2c9374000-7fc2c9375000 r--p 00016000 08:02 15340206                   /lib/x86_64-linux-gnu/libnsl-2.27.so
7fc2c9375000-7fc2c9376000 rw-p 00017000 08:02 15340206                   /lib/x86_64-linux-gnu/libnsl-2.27.so
7fc2c9376000-7fc2c9378000 rw-p 00000000 00:00 0 
7fc2c9378000-7fc2c9383000 r-xp 00000000 08:02 15340223                   /lib/x86_64-linux-gnu/libnss_nis-2.27.so
7fc2c9383000-7fc2c9582000 ---p 0000b000 08:02 15340223                   /lib/x86_64-linux-gnu/libnss_nis-2.27.so
7fc2c9582000-7fc2c9583000 r--p 0000a000 08:02 15340223                   /lib/x86_64-linux-gnu/libnss_nis-2.27.so
7fc2c9583000-7fc2c9584000 rw-p 0000b000 08:02 15340223                   /lib/x86_64-linux-gnu/libnss_nis-2.27.so
7fc2c9584000-7fc2c958c000 r-xp 00000000 08:02 15340208                   /lib/x86_64-linux-gnu/libnss_compat-2.27.so
7fc2c958c000-7fc2c978c000 ---p 00008000 08:02 15340208                   /lib/x86_64-linux-gnu/libnss_compat-2.27.so
7fc2c978c000-7fc2c978d000 r--p 00008000 08:02 15340208                   /lib/x86_64-linux-gnu/libnss_compat-2.27.so
7fc2c978d000-7fc2c978e000 rw-p 00009000 08:02 15340208                   /lib/x86_64-linux-gnu/libnss_compat-2.27.so
7fc2c978e000-7fc2c97bc000 r-xp 00000000 08:02 9179811                    /usr/lib/jvm/java-8-openjdk-amd64/jre/lib/amd64/libjava.so
7fc2c97bc000-7fc2c99bb000 ---p 0002e000 08:02 9179811                    /usr/lib/jvm/java-8-openjdk-amd64/jre/lib/amd64/libjava.so
7fc2c99bb000-7fc2c99bc000 r--p 0002d000 08:02 9179811                    /usr/lib/jvm/java-8-openjdk-amd64/jre/lib/amd64/libjava.so
7fc2c99bc000-7fc2c99be000 rw-p 0002e000 08:02 9179811                    /usr/lib/jvm/java-8-openjdk-amd64/jre/lib/amd64/libjava.so
7fc2c99be000-7fc2c99ce000 r-xp 00000000 08:02 9179829                    /usr/lib/jvm/java-8-openjdk-amd64/jre/lib/amd64/libverify.so
7fc2c99ce000-7fc2c9bcd000 ---p 00010000 08:02 9179829                    /usr/lib/jvm/java-8-openjdk-amd64/jre/lib/amd64/libverify.so
7fc2c9bcd000-7fc2c9bcf000 r--p 0000f000 08:02 9179829                    /usr/lib/jvm/java-8-openjdk-amd64/jre/lib/amd64/libverify.so
7fc2c9bcf000-7fc2c9bd0000 rw-p 00011000 08:02 9179829                    /usr/lib/jvm/java-8-openjdk-amd64/jre/lib/amd64/libverify.so
7fc2c9bd0000-7fc2c9bd7000 r-xp 00000000 08:02 15340263                   /lib/x86_64-linux-gnu/librt-2.27.so
7fc2c9bd7000-7fc2c9dd6000 ---p 00007000 08:02 15340263                   /lib/x86_64-linux-gnu/librt-2.27.so
7fc2c9dd6000-7fc2c9dd7000 r--p 00006000 08:02 15340263                   /lib/x86_64-linux-gnu/librt-2.27.so
7fc2c9dd7000-7fc2c9dd8000 rw-p 00007000 08:02 15340263                   /lib/x86_64-linux-gnu/librt-2.27.so
7fc2c9dd8000-7fc2c9def000 r-xp 00000000 08:02 15340159                   /lib/x86_64-linux-gnu/libgcc_s.so.1
7fc2c9def000-7fc2c9fee000 ---p 00017000 08:02 15340159                   /lib/x86_64-linux-gnu/libgcc_s.so.1
7fc2c9fee000-7fc2c9fef000 r--p 00016000 08:02 15340159                   /lib/x86_64-linux-gnu/libgcc_s.so.1
7fc2c9fef000-7fc2c9ff0000 rw-p 00017000 08:02 15340159                   /lib/x86_64-linux-gnu/libgcc_s.so.1
7fc2c9ff0000-7fc2ca18d000 r-xp 00000000 08:02 15340185                   /lib/x86_64-linux-gnu/libm-2.27.so
7fc2ca18d000-7fc2ca38c000 ---p 0019d000 08:02 15340185                   /lib/x86_64-linux-gnu/libm-2.27.so
7fc2ca38c000-7fc2ca38d000 r--p 0019c000 08:02 15340185                   /lib/x86_64-linux-gnu/libm-2.27.so
7fc2ca38d000-7fc2ca38e000 rw-p 0019d000 08:02 15340185                   /lib/x86_64-linux-gnu/libm-2.27.so
7fc2ca38e000-7fc2ca50c000 r-xp 00000000 08:02 8659576                    /usr/lib/x86_64-linux-gnu/libstdc++.so.6.0.25
7fc2ca50c000-7fc2ca70c000 ---p 0017e000 08:02 8659576                    /usr/lib/x86_64-linux-gnu/libstdc++.so.6.0.25
7fc2ca70c000-7fc2ca716000 r--p 0017e000 08:02 8659576                    /usr/lib/x86_64-linux-gnu/libstdc++.so.6.0.25
7fc2ca716000-7fc2ca718000 rw-p 00188000 08:02 8659576                    /usr/lib/x86_64-linux-gnu/libstdc++.so.6.0.25
7fc2ca718000-7fc2ca71c000 rw-p 00000000 00:00 0 
7fc2ca71c000-7fc2cb3ad000 r-xp 00000000 08:02 9179833                    /usr/lib/jvm/java-8-openjdk-amd64/jre/lib/amd64/server/libjvm.so
7fc2cb3ad000-7fc2cb5ad000 ---p 00c91000 08:02 9179833                    /usr/lib/jvm/java-8-openjdk-amd64/jre/lib/amd64/server/libjvm.so
7fc2cb5ad000-7fc2cb640000 r--p 00c91000 08:02 9179833                    /usr/lib/jvm/java-8-openjdk-amd64/jre/lib/amd64/server/libjvm.so
7fc2cb640000-7fc2cb668000 rw-p 00d24000 08:02 9179833                    /usr/lib/jvm/java-8-openjdk-amd64/jre/lib/amd64/server/libjvm.so
7fc2cb668000-7fc2cb699000 rw-p 00000000 00:00 0 
7fc2cb699000-7fc2cb6b3000 r-xp 00000000 08:02 15340255                   /lib/x86_64-linux-gnu/libpthread-2.27.so
7fc2cb6b3000-7fc2cb8b2000 ---p 0001a000 08:02 15340255                   /lib/x86_64-linux-gnu/libpthread-2.27.so
7fc2cb8b2000-7fc2cb8b3000 r--p 00019000 08:02 15340255                   /lib/x86_64-linux-gnu/libpthread-2.27.so
7fc2cb8b3000-7fc2cb8b4000 rw-p 0001a000 08:02 15340255                   /lib/x86_64-linux-gnu/libpthread-2.27.so
7fc2cb8b4000-7fc2cb8b8000 rw-p 00000000 00:00 0 
7fc2cb8b8000-7fc2cb8bb000 r-xp 00000000 08:02 15340145                   /lib/x86_64-linux-gnu/libdl-2.27.so
7fc2cb8bb000-7fc2cbaba000 ---p 00003000 08:02 15340145                   /lib/x86_64-linux-gnu/libdl-2.27.so
7fc2cbaba000-7fc2cbabb000 r--p 00002000 08:02 15340145                   /lib/x86_64-linux-gnu/libdl-2.27.so
7fc2cbabb000-7fc2cbabc000 rw-p 00003000 08:02 15340145                   /lib/x86_64-linux-gnu/libdl-2.27.so
7fc2cbabc000-7fc2cbad8000 r-xp 00000000 08:02 15340294                   /lib/x86_64-linux-gnu/libz.so.1.2.11
7fc2cbad8000-7fc2cbcd7000 ---p 0001c000 08:02 15340294                   /lib/x86_64-linux-gnu/libz.so.1.2.11
7fc2cbcd7000-7fc2cbcd8000 r--p 0001b000 08:02 15340294                   /lib/x86_64-linux-gnu/libz.so.1.2.11
7fc2cbcd8000-7fc2cbcd9000 rw-p 0001c000 08:02 15340294                   /lib/x86_64-linux-gnu/libz.so.1.2.11
7fc2cbcd9000-7fc2cbec0000 r-xp 00000000 08:02 15340122                   /lib/x86_64-linux-gnu/libc-2.27.so
7fc2cbec0000-7fc2cc0c0000 ---p 001e7000 08:02 15340122                   /lib/x86_64-linux-gnu/libc-2.27.so
7fc2cc0c0000-7fc2cc0c4000 r--p 001e7000 08:02 15340122                   /lib/x86_64-linux-gnu/libc-2.27.so
7fc2cc0c4000-7fc2cc0c6000 rw-p 001eb000 08:02 15340122                   /lib/x86_64-linux-gnu/libc-2.27.so
7fc2cc0c6000-7fc2cc0ca000 rw-p 00000000 00:00 0 
7fc2cc0ca000-7fc2cc0d8000 r-xp 00000000 08:02 9179797                    /usr/lib/jvm/java-8-openjdk-amd64/jre/lib/amd64/jli/libjli.so
7fc2cc0d8000-7fc2cc2d7000 ---p 0000e000 08:02 9179797                    /usr/lib/jvm/java-8-openjdk-amd64/jre/lib/amd64/jli/libjli.so
7fc2cc2d7000-7fc2cc2d8000 r--p 0000d000 08:02 9179797                    /usr/lib/jvm/java-8-openjdk-amd64/jre/lib/amd64/jli/libjli.so
7fc2cc2d8000-7fc2cc2d9000 rw-p 0000e000 08:02 9179797                    /usr/lib/jvm/java-8-openjdk-amd64/jre/lib/amd64/jli/libjli.so
7fc2cc2d9000-7fc2cc300000 r-xp 00000000 08:02 15340094                   /lib/x86_64-linux-gnu/ld-2.27.so
7fc2cc300000-7fc2cc31b000 r--s 00394000 08:02 9179844                    /usr/lib/jvm/java-8-openjdk-amd64/jre/lib/ext/cldrdata.jar
7fc2cc31b000-7fc2cc3e6000 rw-p 00000000 00:00 0 
7fc2cc3e6000-7fc2cc3e7000 ---p 00000000 00:00 0 
7fc2cc3e7000-7fc2cc3ea000 ---p 00000000 00:00 0 
7fc2cc3ea000-7fc2cc4e9000 rw-p 00000000 00:00 0 
7fc2cc4e9000-7fc2cc4ef000 r--s 0003b000 08:02 9179851                    /usr/lib/jvm/java-8-openjdk-amd64/jre/lib/ext/sunjce_provider.jar
7fc2cc4ef000-7fc2cc4f0000 r--s 00010000 08:02 9179853                    /usr/lib/jvm/java-8-openjdk-amd64/jre/lib/ext/zipfs.jar
7fc2cc4f0000-7fc2cc4f2000 r--s 00008000 08:02 9179850                    /usr/lib/jvm/java-8-openjdk-amd64/jre/lib/ext/sunec.jar
7fc2cc4f2000-7fc2cc4f4000 r--s 00001000 08:02 9179845                    /usr/lib/jvm/java-8-openjdk-amd64/jre/lib/ext/dnsns.jar
7fc2cc4f4000-7fc2cc4fc000 rw-s 00000000 08:02 9440422                    /tmp/hsperfdata_hjk/17177
7fc2cc4fc000-7fc2cc4fd000 rw-p 00000000 00:00 0 
7fc2cc4fd000-7fc2cc4fe000 ---p 00000000 00:00 0 
7fc2cc4fe000-7fc2cc500000 rw-p 00000000 00:00 0 
7fc2cc500000-7fc2cc501000 r--p 00027000 08:02 15340094                   /lib/x86_64-linux-gnu/ld-2.27.so
7fc2cc501000-7fc2cc502000 rw-p 00028000 08:02 15340094                   /lib/x86_64-linux-gnu/ld-2.27.so
7fc2cc502000-7fc2cc503000 rw-p 00000000 00:00 0 
7fffa65c3000-7fffa65e4000 rw-p 00000000 00:00 0                          [stack]
7fffa65ee000-7fffa65f1000 r--p 00000000 00:00 0                          [vvar]
7fffa65f1000-7fffa65f3000 r-xp 00000000 00:00 0                          [vdso]
ffffffffff600000-ffffffffff601000 r-xp 00000000 00:00 0                  [vsyscall]

VM Arguments:
jvm_args: -Dfile.encoding=UTF-8 
java_command: JsonReader
java_class_path (initial): /usr/lib/jvm/java-8-openjdk-amd64/jre/lib/resources.jar:/usr/lib/jvm/java-8-openjdk-amd64/jre/lib/rt.jar:/usr/lib/jvm/java-8-openjdk-amd64/jre/lib/jsse.jar:/usr/lib/jvm/java-8-openjdk-amd64/jre/lib/jce.jar:/usr/lib/jvm/java-8-openjdk-amd64/jre/lib/charsets.jar:/usr/lib/jvm/java-8-openjdk-amd64/jre/lib/ext/cldrdata.jar:/usr/lib/jvm/java-8-openjdk-amd64/jre/lib/ext/dnsns.jar:/usr/lib/jvm/java-8-openjdk-amd64/jre/lib/ext/sunec.jar:/usr/lib/jvm/java-8-openjdk-amd64/jre/lib/ext/zipfs.jar:/usr/lib/jvm/java-8-openjdk-amd64/jre/lib/ext/localedata.jar:/usr/lib/jvm/java-8-openjdk-amd64/jre/lib/ext/sunjce_provider.jar:/usr/lib/jvm/java-8-openjdk-amd64/jre/lib/ext/nashorn.jar:/usr/lib/jvm/java-8-openjdk-amd64/jre/lib/ext/sunpkcs11.jar:/usr/lib/jvm/java-8-openjdk-amd64/jre/lib/ext/java-atk-wrapper.jar:/usr/lib/jvm/java-8-openjdk-amd64/jre/lib/ext/jaccess.jar:/usr/lib/jvm/java-8-openjdk-amd64/jre/lib/ext/icedtea-sound.jar:/home/hjk/Documents/Uni/NoSQL/redis/DB-Zerstoerer/redis uebung/bin:/home/hjk/Documents/Uni/NoSQL/redis/DB-Zerstoerer/redis uebung/json-simple-1.1.1.jar:/home/hjk/Documents/Uni/NoSQL/redis/DB-Zerstoerer/redis uebung/jedis-2.9.0.jar
Launcher Type: SUN_STANDARD

Environment Variables:
PATH=/home/hjk/.local/bin:/usr/local/sbin:/usr/local/bin:/usr/sbin:/usr/bin:/sbin:/bin:/usr/games:/usr/local/games:/snap/bin
USERNAME=hjk
SHELL=/bin/bash
DISPLAY=:0

Signal Handlers:
SIGSEGV: [libjvm.so+0xaabcd0], sa_mask[0]=11111111011111111101111111111110, sa_flags=SA_RESTART|SA_SIGINFO
SIGBUS: [libjvm.so+0xaabcd0], sa_mask[0]=11111111011111111101111111111110, sa_flags=SA_RESTART|SA_SIGINFO
SIGFPE: [libjvm.so+0x8e1d50], sa_mask[0]=11111111011111111101111111111110, sa_flags=SA_RESTART|SA_SIGINFO
SIGPIPE: [libjvm.so+0x8e1d50], sa_mask[0]=11111111011111111101111111111110, sa_flags=SA_RESTART|SA_SIGINFO
SIGXFSZ: [libjvm.so+0x8e1d50], sa_mask[0]=11111111011111111101111111111110, sa_flags=SA_RESTART|SA_SIGINFO
SIGILL: [libjvm.so+0x8e1d50], sa_mask[0]=11111111011111111101111111111110, sa_flags=SA_RESTART|SA_SIGINFO
SIGUSR1: SIG_DFL, sa_mask[0]=00000000000000000000000000000000, sa_flags=none
SIGUSR2: [libjvm.so+0x8e1c00], sa_mask[0]=00100000000000000000000000000000, sa_flags=SA_RESTART|SA_SIGINFO
SIGHUP: [libjvm.so+0x8e20b0], sa_mask[0]=11111111011111111101111111111110, sa_flags=SA_RESTART|SA_SIGINFO
SIGINT: [libjvm.so+0x8e20b0], sa_mask[0]=11111111011111111101111111111110, sa_flags=SA_RESTART|SA_SIGINFO
SIGTERM: [libjvm.so+0x8e20b0], sa_mask[0]=11111111011111111101111111111110, sa_flags=SA_RESTART|SA_SIGINFO
SIGQUIT: [libjvm.so+0x8e20b0], sa_mask[0]=11111111011111111101111111111110, sa_flags=SA_RESTART|SA_SIGINFO


---------------  S Y S T E M  ---------------

OS:DISTRIB_ID=Ubuntu
DISTRIB_RELEASE=18.04
DISTRIB_CODENAME=bionic
DISTRIB_DESCRIPTION="Ubuntu 18.04 LTS"

uname:Linux 4.15.0-20-generic #21-Ubuntu SMP Tue Apr 24 06:16:15 UTC 2018 x86_64
libc:glibc 2.27 NPTL 2.27 
rlimit: STACK 8192k, CORE 0k, NPROC 30848, NOFILE 4096, AS infinity
load average:1,95 1,41 1,27

/proc/meminfo:
MemTotal:        8063552 kB
MemFree:          111756 kB
MemAvailable:          0 kB
Buffers:             544 kB
Cached:           356124 kB
SwapCached:        18600 kB
Active:          6822560 kB
Inactive:         858588 kB
Active(anon):    6815848 kB
Inactive(anon):   851744 kB
Active(file):       6712 kB
Inactive(file):     6844 kB
Unevictable:          32 kB
Mlocked:              32 kB
SwapTotal:       2097148 kB
SwapFree:             20 kB
Dirty:               168 kB
Writeback:             0 kB
AnonPages:       7306300 kB
Mapped:           286676 kB
Shmem:            342800 kB
Slab:             102352 kB
SReclaimable:      41392 kB
SUnreclaim:        60960 kB
KernelStack:       16192 kB
PageTables:        73752 kB
NFS_Unstable:          0 kB
Bounce:                0 kB
WritebackTmp:          0 kB
CommitLimit:     6128924 kB
Committed_AS:   16155772 kB
VmallocTotal:   34359738367 kB
VmallocUsed:           0 kB
VmallocChunk:          0 kB
HardwareCorrupted:     0 kB
AnonHugePages:         0 kB
ShmemHugePages:        0 kB
ShmemPmdMapped:        0 kB
CmaTotal:              0 kB
CmaFree:               0 kB
HugePages_Total:       0
HugePages_Free:        0
HugePages_Rsvd:        0
HugePages_Surp:        0
Hugepagesize:       2048 kB
DirectMap4k:      210964 kB
DirectMap2M:     5976064 kB
DirectMap1G:     2097152 kB


CPU:total 4 (initial active 4) (2 cores per cpu, 2 threads per core) family 6 model 142 stepping 9, cmov, cx8, fxsr, mmx, sse, sse2, sse3, ssse3, sse4.1, sse4.2, popcnt, avx, avx2, aes, clmul, erms, 3dnowpref, lzcnt, ht, tsc, tscinvbit, bmi1, bmi2, adx

/proc/cpuinfo:
processor	: 0
vendor_id	: GenuineIntel
cpu family	: 6
model		: 142
model name	: Intel(R) Core(TM) i7-7500U CPU @ 2.70GHz
stepping	: 9
microcode	: 0x70
cpu MHz		: 3499.977
cache size	: 4096 KB
physical id	: 0
siblings	: 4
core id		: 0
cpu cores	: 2
apicid		: 0
initial apicid	: 0
fpu		: yes
fpu_exception	: yes
cpuid level	: 22
wp		: yes
flags		: fpu vme de pse tsc msr pae mce cx8 apic sep mtrr pge mca cmov pat pse36 clflush dts acpi mmx fxsr sse sse2 ss ht tm pbe syscall nx pdpe1gb rdtscp lm constant_tsc art arch_perfmon pebs bts rep_good nopl xtopology nonstop_tsc cpuid aperfmperf tsc_known_freq pni pclmulqdq dtes64 monitor ds_cpl vmx est tm2 ssse3 sdbg fma cx16 xtpr pdcm pcid sse4_1 sse4_2 x2apic movbe popcnt tsc_deadline_timer aes xsave avx f16c rdrand lahf_lm abm 3dnowprefetch cpuid_fault epb invpcid_single pti tpr_shadow vnmi flexpriority ept vpid fsgsbase tsc_adjust bmi1 avx2 smep bmi2 erms invpcid mpx rdseed adx smap clflushopt intel_pt xsaveopt xsavec xgetbv1 xsaves dtherm ida arat pln pts hwp hwp_notify hwp_act_window hwp_epp
bugs		: cpu_meltdown spectre_v1 spectre_v2
bogomips	: 5808.00
clflush size	: 64
cache_alignment	: 64
address sizes	: 39 bits physical, 48 bits virtual
power management:

processor	: 1
vendor_id	: GenuineIntel
cpu family	: 6
model		: 142
model name	: Intel(R) Core(TM) i7-7500U CPU @ 2.70GHz
stepping	: 9
microcode	: 0x70
cpu MHz		: 3471.208
cache size	: 4096 KB
physical id	: 0
siblings	: 4
core id		: 1
cpu cores	: 6
apicid		: 2
initial apicid	: 2
fpu		: yes
fpu_exception	: yes
cpuid level	: 22
wp		: yes
flags		: fpu vme de pse tsc msr pae mce cx8 apic sep mtrr pge mca cmov pat pse36 clflush dts acpi mmx fxsr sse sse2 ss ht tm pbe syscall nx pdpe1gb rdtscp lm constant_tsc art arch_perfmon pebs bts rep_good nopl xtopology nonstop_tsc cpuid aperfmperf tsc_known_freq pni pclmulqdq dtes64 monitor ds_cpl vmx est tm2 ssse3 sdbg fma cx16 xtpr pdcm pcid sse4_1 sse4_2 x2apic movbe popcnt tsc_deadline_timer aes xsave avx f16c rdrand lahf_lm abm 3dnowprefetch cpuid_fault epb invpcid_single pti tpr_shadow vnmi flexpriority ept vpid fsgsbase tsc_adjust bmi1 avx2 smep bmi2 erms invpcid mpx rdseed adx smap clflushopt intel_pt xsaveopt xsavec xgetbv1 xsaves dtherm ida arat pln pts hwp hwp_notify hwp_act_window hwp_epp
bugs		: cpu_meltdown spectre_v1 spectre_v2
bogomips	: 5808.00
clflush size	: 64
cache_alignment	: 64
address sizes	: 39 bits physical, 48 bits virtual
power management:

processor	: 2
vendor_id	: GenuineIntel
cpu family	: 6
model		: 142
model name	: Intel(R) Core(TM) i7-7500U CPU @ 2.70GHz
stepping	: 9
microcode	: 0x70
cpu MHz		: 3477.848
cache size	: 4096 KB
physical id	: 0
siblings	: 4
core id		: 0
cpu cores	: 2
apicid		: 1
initial apicid	: 1
fpu		: yes
fpu_exception	: yes
cpuid level	: 22
wp		: yes
flags		: fpu vme de pse tsc msr pae mce cx8 apic sep mtrr pge mca cmov pat pse36 clflush dts acpi mmx fxsr sse sse2 ss ht tm pbe syscall nx pdpe1gb rdtscp lm constant_tsc art arch_perfmon pebs bts rep_good nopl xtopology nonstop_tsc cpuid aperfmperf tsc_known_freq pni pclmulqdq dtes64 monitor ds_cpl vmx est tm2 ssse3 sdbg fma cx16 xtpr pdcm pcid sse4_1 sse4_2 x2apic movbe popcnt tsc_deadline_timer aes xsave avx f16c rdrand lahf_lm abm 3dnowprefetch cpuid_fault epb invpcid_single pti tpr_shadow vnmi flexpriority ept vpid fsgsbase tsc_adjust bmi1 avx2 smep bmi2 erms invpcid mpx rdseed adx smap clflushopt intel_pt xsaveopt xsavec xgetbv1 xsaves dtherm ida arat pln pts hwp hwp_notify hwp_act_window hwp_epp
bugs		: cpu_meltdown spectre_v1 spectre_v2
bogomips	: 5808.00
clflush size	: 64
cache_alignment	: 64
address sizes	: 39 bits physical, 48 bits virtual
power management:

processor	: 3
vendor_id	: GenuineIntel
cpu family	: 6
model		: 142
model name	: Intel(R) Core(TM) i7-7500U CPU @ 2.70GHz
stepping	: 9
microcode	: 0x70
cpu MHz		: 3472.482
cache size	: 4096 KB
physical id	: 0
siblings	: 4
core id		: 1
cpu cores	: 2
apicid		: 3
initial apicid	: 3
fpu		: yes
fpu_exception	: yes
cpuid level	: 22
wp		: yes
flags		: fpu vme de pse tsc msr pae mce cx8 apic sep mtrr pge mca cmov pat pse36 clflush dts acpi mmx fxsr sse sse2 ss ht tm pbe syscall nx pdpe1gb rdtscp lm constant_tsc art arch_perfmon pebs bts rep_good nopl xtopology nonstop_tsc cpuid aperfmperf tsc_known_freq pni pclmulqdq dtes64 monitor ds_cpl vmx est tm2 ssse3 sdbg fma cx16 xtpr pdcm pcid sse4_1 sse4_2 x2apic movbe popcnt tsc_deadline_timer aes xsave avx f16c rdrand lahf_lm abm 3dnowprefetch cpuid_fault epb invpcid_single pti tpr_shadow vnmi flexpriority ept vpid fsgsbase tsc_adjust bmi1 avx2 smep bmi2 erms invpcid mpx rdseed adx smap clflushopt intel_pt xsaveopt xsavec xgetbv1 xsaves dtherm ida arat pln pts hwp hwp_notify hwp_act_window hwp_epp
bugs		: cpu_meltdown spectre_v1 spectre_v2
bogomips	: 5808.00
clflush size	: 64
cache_alignment	: 64
address sizes	: 39 bits physical, 48 bits virtual
power management:



Memory: 4k page, physical 8063552k(109860k free), swap 2097148k(24k free)

vm_info: OpenJDK 64-Bit Server VM (25.171-b11) for linux-amd64 JRE (1.8.0_171-8u171-b11-0ubuntu0.18.04.1-b11), built on Apr 26 2018 15:59:34 by "buildd" with gcc 7.3.0

time: Fri May 18 15:10:21 2018
elapsed time: 9 seconds (0d 0h 0m 9s)

