#
# There is insufficient memory for the Java Runtime Environment to continue.
# Native memory allocation (mmap) failed to map 303038464 bytes for committing reserved memory.
# Possible reasons:
#   The system is out of physical RAM or swap space
#   In 32 bit mode, the process size limit was hit
# Possible solutions:
#   Reduce memory load on the system
#   Increase physical memory or swap space
#   Check if swap backing store is full
#   Use 64 bit Java on a 64 bit OS
#   Decrease Java heap size (-Xmx/-Xms)
#   Decrease number of Java threads
#   Decrease Java thread stack sizes (-Xss)
#   Set larger code cache with -XX:ReservedCodeCacheSize=
# This output file may be truncated or incomplete.
#
#  Out of Memory Error (os_linux.cpp:2643), pid=11539, tid=0x00007eff1dcdf700
#
# JRE version: OpenJDK Runtime Environment (8.0_171-b11) (build 1.8.0_171-8u171-b11-0ubuntu0.18.04.1-b11)
# Java VM: OpenJDK 64-Bit Server VM (25.171-b11 mixed mode linux-amd64 compressed oops)
# Failed to write core dump. Core dumps have been disabled. To enable core dumping, try "ulimit -c unlimited" before starting Java again
#

---------------  T H R E A D  ---------------

Current thread (0x00007eff3007a000):  VMThread [stack: 0x00007eff1dbe0000,0x00007eff1dce0000] [id=11550]

Stack: [0x00007eff1dbe0000,0x00007eff1dce0000],  sp=0x00007eff1dcde440,  free space=1017k
Native frames: (J=compiled Java code, j=interpreted, Vv=VM code, C=native code)
V  [libjvm.so+0xaab382]
V  [libjvm.so+0x4d79a7]
V  [libjvm.so+0x8e66c0]
V  [libjvm.so+0x8e0c1e]
V  [libjvm.so+0x961436]
V  [libjvm.so+0x9500aa]
V  [libjvm.so+0x950278]
V  [libjvm.so+0x950e80]
V  [libjvm.so+0x95721c]
V  [libjvm.so+0x95f305]
V  [libjvm.so+0x90d978]
V  [libjvm.so+0xaad042]
V  [libjvm.so+0xab1c26]
V  [libjvm.so+0xaafec5]
V  [libjvm.so+0xab083d]
V  [libjvm.so+0xab0c17]
V  [libjvm.so+0x8e3b12]

VM_Operation (0x00007efed72f00e0): ParallelGCFailedAllocation, mode: safepoint, requested by thread 0x00007eff30466800


---------------  P R O C E S S  ---------------

Java Threads: ( => current thread )
  0x00007efec803a000 JavaThread "TimerQueue" daemon [_thread_blocked, id=11570, stack(0x00007efed6cf2000,0x00007efed6df3000)]
  0x00007efecc003800 JavaThread "Thread-1" daemon [_thread_in_native, id=11566, stack(0x00007efed73f6000,0x00007efed7bf6000)]
  0x00007eff3000c000 JavaThread "DestroyJavaVM" [_thread_blocked, id=11544, stack(0x00007eff36fc0000,0x00007eff370c0000)]
  0x00007eff30466800 JavaThread "AWT-EventQueue-1" [_thread_blocked, id=11568, stack(0x00007efed71f3000,0x00007efed72f4000)]
  0x00007eff30465000 JavaThread "AWT-Shutdown" [_thread_blocked, id=11567, stack(0x00007efed72f4000,0x00007efed73f5000)]
  0x00007eff303de800 JavaThread "process reaper" daemon [_thread_blocked, id=11565, stack(0x00007eff1402d000,0x00007eff14066000)]
  0x00007eff303d3000 JavaThread "AWT-XAWT" daemon [_thread_blocked, id=11563, stack(0x00007eff0e31e000,0x00007eff0e41f000)]
  0x00007eff303ad000 JavaThread "Java2D Disposer" daemon [_thread_blocked, id=11562, stack(0x00007eff0e82f000,0x00007eff0e930000)]
  0x00007eff300cb000 JavaThread "Service Thread" daemon [_thread_blocked, id=11557, stack(0x00007eff1cb09000,0x00007eff1cc0a000)]
  0x00007eff300c0000 JavaThread "C1 CompilerThread2" daemon [_thread_blocked, id=11556, stack(0x00007eff1cc0b000,0x00007eff1cd0b000)]
  0x00007eff300be000 JavaThread "C2 CompilerThread1" daemon [_thread_blocked, id=11555, stack(0x00007eff1cd0c000,0x00007eff1ce0c000)]
  0x00007eff300bb000 JavaThread "C2 CompilerThread0" daemon [_thread_blocked, id=11554, stack(0x00007eff1ce0d000,0x00007eff1cf0d000)]
  0x00007eff300b9800 JavaThread "Signal Dispatcher" daemon [_thread_blocked, id=11553, stack(0x00007eff1cf0d000,0x00007eff1d00e000)]
  0x00007eff30086000 JavaThread "Finalizer" daemon [_thread_blocked, id=11552, stack(0x00007eff1d9dd000,0x00007eff1dade000)]
  0x00007eff30081800 JavaThread "Reference Handler" daemon [_thread_blocked, id=11551, stack(0x00007eff1dade000,0x00007eff1dbdf000)]

Other Threads:
=>0x00007eff3007a000 VMThread [stack: 0x00007eff1dbe0000,0x00007eff1dce0000] [id=11550]
  0x00007eff300cd800 WatcherThread [stack: 0x00007eff1ca09000,0x00007eff1cb09000] [id=11558]

VM state:at safepoint (normal execution)

VM Mutex/Monitor currently owned by a thread:  ([mutex/lock_event])
[0x00007eff30008470] ExpandHeap_lock - owner thread: 0x00007eff3007a000
[0x00007eff30008af0] Threads_lock - owner thread: 0x00007eff3007a000
[0x00007eff30008ff0] Heap_lock - owner thread: 0x00007eff30466800

Heap:
 PSYoungGen      total 415744K, used 178894K [0x00000000d6f80000, 0x00000000fe580000, 0x0000000100000000)
  eden space 192000K, 0% used [0x00000000d6f80000,0x00000000d6f80000,0x00000000e2b00000)
  from space 223744K, 79% used [0x00000000f0580000,0x00000000fb433820,0x00000000fe000000)
  to   space 223744K, 0% used [0x00000000e2b00000,0x00000000e2b00000,0x00000000f0580000)
 ParOldGen       total 813056K, used 812958K [0x0000000084e00000, 0x00000000b6800000, 0x00000000d6f80000)
  object space 813056K, 99% used [0x0000000084e00000,0x00000000b67e7940,0x00000000b6800000)
 Metaspace       used 15221K, capacity 15472K, committed 15744K, reserved 1062912K
  class space    used 1804K, capacity 1916K, committed 1920K, reserved 1048576K

Card table byte_map: [0x00007eff20025000,0x00007eff203ff000] byte_map_base: 0x00007eff1fbfe000

Marking Bits: (ParMarkBitMap*) 0x00007eff3625d140
 Begin Bits: [0x00007eff14270000, 0x00007eff16138000)
 End Bits:   [0x00007eff16138000, 0x00007eff18000000)

Polling page: 0x00007eff370de000

CodeCache: size=245760Kb used=4048Kb max_used=4060Kb free=241711Kb
 bounds [0x00007eff207bf000, 0x00007eff20bbf000, 0x00007eff2f7bf000]
 total_blobs=1754 nmethods=1183 adapters=485
 compilation: enabled

Compilation events (10 events):
Event: 18,875 Thread 0x00007eff300c0000 1179       3       sun.awt.X11.XContentWindow::postEventToEventQueue (6 bytes)
Event: 18,875 Thread 0x00007eff300c0000 nmethod 1179 0x00007eff20bade10 code [0x00007eff20badfa0, 0x00007eff20bae418]
Event: 19,112 Thread 0x00007eff300c0000 1181       3       sun.awt.X11.XWindow::handleMotionNotify (334 bytes)
Event: 19,112 Thread 0x00007eff300bb000 1182       4       java.util.TreeMap::successor (66 bytes)
Event: 19,112 Thread 0x00007eff300be000 1183       4       java.util.TreeMap$KeyIterator::next (8 bytes)
Event: 19,115 Thread 0x00007eff300c0000 nmethod 1181 0x00007eff20bb1450 code [0x00007eff20bb19e0, 0x00007eff20bb5098]
Event: 19,115 Thread 0x00007eff300c0000 1180   !   3       java.util.concurrent.locks.AbstractQueuedSynchronizer::acquireQueued (93 bytes)
Event: 19,115 Thread 0x00007eff300bb000 nmethod 1182 0x00007eff20badb10 code [0x00007eff20badc60, 0x00007eff20badd18]
Event: 19,115 Thread 0x00007eff300c0000 nmethod 1180 0x00007eff20babb10 code [0x00007eff20babd40, 0x00007eff20bac838]
Event: 19,115 Thread 0x00007eff300be000 nmethod 1183 0x00007eff20bafad0 code [0x00007eff20bafc20, 0x00007eff20bafd78]

GC Heap History (10 events):
Event: 17,608 GC heap after
Heap after GC invocations=15 (full 4):
 PSYoungGen      total 351232K, used 126665K [0x00000000d6f80000, 0x00000000fbd80000, 0x0000000100000000)
  eden space 127488K, 0% used [0x00000000d6f80000,0x00000000d6f80000,0x00000000dec00000)
  from space 223744K, 56% used [0x00000000dec00000,0x00000000e67b24d0,0x00000000ec680000)
  to   space 223744K, 0% used [0x00000000ee300000,0x00000000ee300000,0x00000000fbd80000)
 ParOldGen       total 636416K, used 636344K [0x0000000084e00000, 0x00000000abb80000, 0x00000000d6f80000)
  object space 636416K, 99% used [0x0000000084e00000,0x00000000abb6e0f8,0x00000000abb80000)
 Metaspace       used 15200K, capacity 15472K, committed 15744K, reserved 1062912K
  class space    used 1804K, capacity 1916K, committed 1920K, reserved 1048576K
}
Event: 17,608 GC heap before
{Heap before GC invocations=16 (full 5):
 PSYoungGen      total 351232K, used 126665K [0x00000000d6f80000, 0x00000000fbd80000, 0x0000000100000000)
  eden space 127488K, 0% used [0x00000000d6f80000,0x00000000d6f80000,0x00000000dec00000)
  from space 223744K, 56% used [0x00000000dec00000,0x00000000e67b24d0,0x00000000ec680000)
  to   space 223744K, 0% used [0x00000000ee300000,0x00000000ee300000,0x00000000fbd80000)
 ParOldGen       total 636416K, used 636344K [0x0000000084e00000, 0x00000000abb80000, 0x00000000d6f80000)
  object space 636416K, 99% used [0x0000000084e00000,0x00000000abb6e0f8,0x00000000abb80000)
 Metaspace       used 15200K, capacity 15472K, committed 15744K, reserved 1062912K
  class space    used 1804K, capacity 1916K, committed 1920K, reserved 1048576K
Event: 18,585 GC heap after
Heap after GC invocations=16 (full 5):
 PSYoungGen      total 351232K, used 0K [0x00000000d6f80000, 0x00000000fbd80000, 0x0000000100000000)
  eden space 127488K, 0% used [0x00000000d6f80000,0x00000000d6f80000,0x00000000dec00000)
  from space 223744K, 0% used [0x00000000dec00000,0x00000000dec00000,0x00000000ec680000)
  to   space 223744K, 0% used [0x00000000ee300000,0x00000000ee300000,0x00000000fbd80000)
 ParOldGen       total 813056K, used 567558K [0x0000000084e00000, 0x00000000b6800000, 0x00000000d6f80000)
  object space 813056K, 69% used [0x0000000084e00000,0x00000000a7841938,0x00000000b6800000)
 Metaspace       used 15200K, capacity 15472K, committed 15744K, reserved 1062912K
  class space    used 1804K, capacity 1916K, committed 1920K, reserved 1048576K
}
Event: 18,702 GC heap before
{Heap before GC invocations=17 (full 5):
 PSYoungGen      total 351232K, used 116715K [0x00000000d6f80000, 0x00000000fbd80000, 0x0000000100000000)
  eden space 127488K, 91% used [0x00000000d6f80000,0x00000000de17afd0,0x00000000dec00000)
  from space 223744K, 0% used [0x00000000dec00000,0x00000000dec00000,0x00000000ec680000)
  to   space 223744K, 0% used [0x00000000ee300000,0x00000000ee300000,0x00000000fbd80000)
 ParOldGen       total 813056K, used 567558K [0x0000000084e00000, 0x00000000b6800000, 0x00000000d6f80000)
  object space 813056K, 69% used [0x0000000084e00000,0x00000000a7841938,0x00000000b6800000)
 Metaspace       used 15216K, capacity 15472K, committed 15744K, reserved 1062912K
  class space    used 1804K, capacity 1916K, committed 1920K, reserved 1048576K
Event: 18,795 GC heap after
Heap after GC invocations=17 (full 5):
 PSYoungGen      total 365056K, used 115488K [0x00000000d6f80000, 0x00000000fb080000, 0x0000000100000000)
  eden space 154624K, 0% used [0x00000000d6f80000,0x00000000d6f80000,0x00000000e0680000)
  from space 210432K, 54% used [0x00000000ee300000,0x00000000f53c8000,0x00000000fb080000)
  to   space 218112K, 0% used [0x00000000e0680000,0x00000000e0680000,0x00000000edb80000)
 ParOldGen       total 813056K, used 567566K [0x0000000084e00000, 0x00000000b6800000, 0x00000000d6f80000)
  object space 813056K, 69% used [0x0000000084e00000,0x00000000a7843938,0x00000000b6800000)
 Metaspace       used 15216K, capacity 15472K, committed 15744K, reserved 1062912K
  class space    used 1804K, capacity 1916K, committed 1920K, reserved 1048576K
}
Event: 18,964 GC heap before
{Heap before GC invocations=18 (full 5):
 PSYoungGen      total 365056K, used 270112K [0x00000000d6f80000, 0x00000000fb080000, 0x0000000100000000)
  eden space 154624K, 100% used [0x00000000d6f80000,0x00000000e0680000,0x00000000e0680000)
  from space 210432K, 54% used [0x00000000ee300000,0x00000000f53c8000,0x00000000fb080000)
  to   space 218112K, 0% used [0x00000000e0680000,0x00000000e0680000,0x00000000edb80000)
 ParOldGen       total 813056K, used 567566K [0x0000000084e00000, 0x00000000b6800000, 0x00000000d6f80000)
  object space 813056K, 69% used [0x0000000084e00000,0x00000000a7843938,0x00000000b6800000)
 Metaspace       used 15217K, capacity 15472K, committed 15744K, reserved 1062912K
  class space    used 1804K, capacity 1916K, committed 1920K, reserved 1048576K
Event: 19,111 GC heap after
Heap after GC invocations=18 (full 5):
 PSYoungGen      total 372736K, used 218080K [0x00000000d6f80000, 0x00000000fe000000, 0x0000000100000000)
  eden space 154624K, 0% used [0x00000000d6f80000,0x00000000d6f80000,0x00000000e0680000)
  from space 218112K, 99% used [0x00000000e0680000,0x00000000edb78020,0x00000000edb80000)
  to   space 223744K, 0% used [0x00000000f0580000,0x00000000f0580000,0x00000000fe000000)
 ParOldGen       total 813056K, used 636334K [0x0000000084e00000, 0x00000000b6800000, 0x00000000d6f80000)
  object space 813056K, 78% used [0x0000000084e00000,0x00000000abb6b938,0x00000000b6800000)
 Metaspace       used 15217K, capacity 15472K, committed 15744K, reserved 1062912K
  class space    used 1804K, capacity 1916K, committed 1920K, reserved 1048576K
}
Event: 19,327 GC heap before
{Heap before GC invocations=19 (full 5):
 PSYoungGen      total 372736K, used 372704K [0x00000000d6f80000, 0x00000000fe000000, 0x0000000100000000)
  eden space 154624K, 100% used [0x00000000d6f80000,0x00000000e0680000,0x00000000e0680000)
  from space 218112K, 99% used [0x00000000e0680000,0x00000000edb78020,0x00000000edb80000)
  to   space 223744K, 0% used [0x00000000f0580000,0x00000000f0580000,0x00000000fe000000)
 ParOldGen       total 813056K, used 636334K [0x0000000084e00000, 0x00000000b6800000, 0x00000000d6f80000)
  object space 813056K, 78% used [0x0000000084e00000,0x00000000abb6b938,0x00000000b6800000)
 Metaspace       used 15221K, capacity 15472K, committed 15744K, reserved 1062912K
  class space    used 1804K, capacity 1916K, committed 1920K, reserved 1048576K
Event: 19,638 GC heap after
Heap after GC invocations=19 (full 5):
 PSYoungGen      total 415744K, used 223712K [0x00000000d6f80000, 0x00000000fe580000, 0x0000000100000000)
  eden space 192000K, 0% used [0x00000000d6f80000,0x00000000d6f80000,0x00000000e2b00000)
  from space 223744K, 99% used [0x00000000f0580000,0x00000000fdff8010,0x00000000fe000000)
  to   space 223744K, 0% used [0x00000000e2b00000,0x00000000e2b00000,0x00000000f0580000)
 ParOldGen       total 813056K, used 769638K [0x0000000084e00000, 0x00000000b6800000, 0x00000000d6f80000)
  object space 813056K, 94% used [0x0000000084e00000,0x00000000b3d99938,0x00000000b6800000)
 Metaspace       used 15221K, capacity 15472K, committed 15744K, reserved 1062912K
  class space    used 1804K, capacity 1916K, committed 1920K, reserved 1048576K
}
Event: 19,638 GC heap before
{Heap before GC invocations=20 (full 6):
 PSYoungGen      total 415744K, used 223712K [0x00000000d6f80000, 0x00000000fe580000, 0x0000000100000000)
  eden space 192000K, 0% used [0x00000000d6f80000,0x00000000d6f80000,0x00000000e2b00000)
  from space 223744K, 99% used [0x00000000f0580000,0x00000000fdff8010,0x00000000fe000000)
  to   space 223744K, 0% used [0x00000000e2b00000,0x00000000e2b00000,0x00000000f0580000)
 ParOldGen       total 813056K, used 769638K [0x0000000084e00000, 0x00000000b6800000, 0x00000000d6f80000)
  object space 813056K, 94% used [0x0000000084e00000,0x00000000b3d99938,0x00000000b6800000)
 Metaspace       used 15221K, capacity 15472K, committed 15744K, reserved 1062912K
  class space    used 1804K, capacity 1916K, committed 1920K, reserved 1048576K

Deoptimization events (8 events):
Event: 3,329 Thread 0x00007eff30466800 Uncommon trap: reason=class_check action=maybe_recompile pc=0x00007eff20961fe8 method=java.lang.String.equals(Ljava/lang/Object;)Z @ 8
Event: 3,329 Thread 0x00007eff30466800 Uncommon trap: reason=class_check action=maybe_recompile pc=0x00007eff20961fe8 method=java.lang.String.equals(Ljava/lang/Object;)Z @ 8
Event: 3,845 Thread 0x00007eff30466800 Uncommon trap: reason=unstable_if action=reinterpret pc=0x00007eff2092535c method=sun.nio.cs.UTF_8$Decoder.decode([BII[C)I @ 30
Event: 4,239 Thread 0x00007eff30466800 Uncommon trap: reason=class_check action=maybe_recompile pc=0x00007eff20961fe8 method=java.lang.String.equals(Ljava/lang/Object;)Z @ 8
Event: 4,239 Thread 0x00007eff30466800 Uncommon trap: reason=class_check action=maybe_recompile pc=0x00007eff20961fe8 method=java.lang.String.equals(Ljava/lang/Object;)Z @ 8
Event: 13,224 Thread 0x00007eff30466800 Uncommon trap: reason=unstable_if action=reinterpret pc=0x00007eff20b425f8 method=java.util.HashMap.putVal(ILjava/lang/Object;Ljava/lang/Object;ZZ)Ljava/lang/Object; @ 94
Event: 16,054 Thread 0x00007eff30466800 Uncommon trap: reason=unstable_if action=reinterpret pc=0x00007eff20b487ac method=redis.clients.jedis.BuilderFactory$9.build(Ljava/lang/Object;)Ljava/util/Set; @ 43
Event: 17,288 Thread 0x00007eff30466800 Uncommon trap: reason=unstable_if action=reinterpret pc=0x00007eff20b1ceb4 method=redis.clients.jedis.Protocol.process(Lredis/clients/util/RedisInputStream;)Ljava/lang/Object; @ 19

Classes redefined (0 events):
No events

Internal exceptions (10 events):
Event: 0,368 Thread 0x00007eff3000c000 Exception <a 'java/lang/NoSuchFieldError': method resolution failed> (0x00000000d75c4090) thrown at [/build/openjdk-8-TuolsG/openjdk-8-8u171-b11/src/hotspot/src/share/vm/prims/methodHandles.cpp, line 1167]
Event: 0,374 Thread 0x00007eff3000c000 Exception <a 'java/lang/NoSuchFieldError': method resolution failed> (0x00000000d75d1870) thrown at [/build/openjdk-8-TuolsG/openjdk-8-8u171-b11/src/hotspot/src/share/vm/prims/methodHandles.cpp, line 1167]
Event: 0,410 Thread 0x00007eff3000c000 Exception <a 'java/io/FileNotFoundException'> (0x00000000d7650360) thrown at [/build/openjdk-8-TuolsG/openjdk-8-8u171-b11/src/hotspot/src/share/vm/prims/jni.cpp, line 709]
Event: 0,444 Thread 0x00007eff3000c000 Exception <a 'java/lang/ClassNotFoundException': sun/dc/DuctusRenderingEngine> (0x00000000d7678888) thrown at [/build/openjdk-8-TuolsG/openjdk-8-8u171-b11/src/hotspot/src/share/vm/classfile/systemDictionary.cpp, line 210]
Event: 0,858 Thread 0x00007eff30466800 Exception <a 'java/lang/UnsupportedOperationException': > (0x00000000d79cb918) thrown at [/build/openjdk-8-TuolsG/openjdk-8-8u171-b11/src/hotspot/src/share/vm/prims/jni.cpp, line 735]
Event: 12,174 Thread 0x00007eff300cb000 Exception <a 'java/lang/ArrayIndexOutOfBoundsException': 71> (0x00000000d6f84c38) thrown at [/build/openjdk-8-TuolsG/openjdk-8-8u171-b11/src/hotspot/src/share/vm/interpreter/interpreterRuntime.cpp, line 366]
Event: 12,175 Thread 0x00007eff300cb000 Exception <a 'java/lang/ArrayIndexOutOfBoundsException': 18> (0x00000000d6f85950) thrown at [/build/openjdk-8-TuolsG/openjdk-8-8u171-b11/src/hotspot/src/share/vm/interpreter/interpreterRuntime.cpp, line 366]
Event: 12,175 Thread 0x00007eff300cb000 Exception <a 'java/lang/ArrayIndexOutOfBoundsException': 60> (0x00000000d6f86720) thrown at [/build/openjdk-8-TuolsG/openjdk-8-8u171-b11/src/hotspot/src/share/vm/interpreter/interpreterRuntime.cpp, line 366]
Event: 12,180 Thread 0x00007eff300cb000 Exception <a 'java/lang/ArrayIndexOutOfBoundsException'> (0x00000000d6f8f038) thrown at [/build/openjdk-8-TuolsG/openjdk-8-8u171-b11/src/hotspot/src/share/vm/runtime/sharedRuntime.cpp, line 605]
Event: 12,181 Thread 0x00007eff300cb000 Exception <a 'java/lang/ArrayIndexOutOfBoundsException'> (0x00000000d6f90c20) thrown at [/build/openjdk-8-TuolsG/openjdk-8-8u171-b11/src/hotspot/src/share/vm/runtime/sharedRuntime.cpp, line 605]

Events (10 events):
Event: 17,288 Thread 0x00007eff30466800 DEOPT UNPACKING pc=0x00007eff2080447a sp=0x00007efed72f0228 mode 2
Event: 17,369 Executing VM operation: ParallelGCFailedAllocation
Event: 18,585 Executing VM operation: ParallelGCFailedAllocation done
Event: 18,702 Executing VM operation: ParallelGCFailedAllocation
Event: 18,795 Executing VM operation: ParallelGCFailedAllocation done
Event: 18,812 Thread 0x00007eff30466800 DEOPT PACKING pc=0x00007eff20b50a7f sp=0x00007efed72f0260
Event: 18,812 Thread 0x00007eff30466800 DEOPT UNPACKING pc=0x00007eff208064c4 sp=0x00007efed72f0040 mode 0
Event: 18,964 Executing VM operation: ParallelGCFailedAllocation
Event: 19,111 Executing VM operation: ParallelGCFailedAllocation done
Event: 19,327 Executing VM operation: ParallelGCFailedAllocation


Dynamic libraries:
84e00000-b6800000 rw-p 00000000 00:00 0 
c8900000-d6f80000 ---p 00000000 00:00 0 
d6f80000-fe580000 rw-p 00000000 00:00 0 
fe580000-100000000 ---p 00000000 00:00 0 
100000000-1001e0000 rw-p 00000000 00:00 0 
1001e0000-140000000 ---p 00000000 00:00 0 
55fc80e31000-55fc80e32000 r-xp 00000000 08:02 9179784                    /usr/lib/jvm/java-8-openjdk-amd64/jre/bin/java
55fc81031000-55fc81032000 r--p 00000000 08:02 9179784                    /usr/lib/jvm/java-8-openjdk-amd64/jre/bin/java
55fc81032000-55fc81033000 rw-p 00001000 08:02 9179784                    /usr/lib/jvm/java-8-openjdk-amd64/jre/bin/java
55fc814d6000-55fc814f7000 rw-p 00000000 00:00 0                          [heap]
7efebc000000-7efebc021000 rw-p 00000000 00:00 0 
7efebc021000-7efec0000000 ---p 00000000 00:00 0 
7efec4000000-7efec4021000 rw-p 00000000 00:00 0 
7efec4021000-7efec8000000 ---p 00000000 00:00 0 
7efec8000000-7efec8055000 rw-p 00000000 00:00 0 
7efec8055000-7efecc000000 ---p 00000000 00:00 0 
7efecc000000-7efecc021000 rw-p 00000000 00:00 0 
7efecc021000-7efed0000000 ---p 00000000 00:00 0 
7efed0000000-7efed0021000 rw-p 00000000 00:00 0 
7efed0021000-7efed4000000 ---p 00000000 00:00 0 
7efed6cf2000-7efed6cf5000 ---p 00000000 00:00 0 
7efed6cf5000-7efed6f73000 rw-p 00000000 00:00 0 
7efed6f73000-7efed6ff3000 ---p 00000000 00:00 0 
7efed6ff3000-7efed71f3000 rw-p 00000000 00:00 0 
7efed71f3000-7efed71f6000 ---p 00000000 00:00 0 
7efed71f6000-7efed72f4000 rw-p 00000000 00:00 0 
7efed72f4000-7efed72f7000 ---p 00000000 00:00 0 
7efed72f7000-7efed73f5000 rw-p 00000000 00:00 0 
7efed73f5000-7efed73f6000 ---p 00000000 00:00 0 
7efed73f6000-7efed73f9000 ---p 00000000 00:00 0 
7efed73f9000-7efed7df6000 rw-p 00000000 00:00 0 
7efed7df6000-7efed7dff000 r-xp 00000000 08:02 9179820                    /usr/lib/jvm/java-8-openjdk-amd64/jre/lib/amd64/libmanagement.so
7efed7dff000-7efed7ffe000 ---p 00009000 08:02 9179820                    /usr/lib/jvm/java-8-openjdk-amd64/jre/lib/amd64/libmanagement.so
7efed7ffe000-7efed7fff000 r--p 00008000 08:02 9179820                    /usr/lib/jvm/java-8-openjdk-amd64/jre/lib/amd64/libmanagement.so
7efed7fff000-7efed8000000 rw-p 00009000 08:02 9179820                    /usr/lib/jvm/java-8-openjdk-amd64/jre/lib/amd64/libmanagement.so
7efed8000000-7efed8021000 rw-p 00000000 00:00 0 
7efed8021000-7efedc000000 ---p 00000000 00:00 0 
7efedc000000-7efedc022000 rw-p 00000000 00:00 0 
7efedc022000-7efee0000000 ---p 00000000 00:00 0 
7efee0000000-7efee0021000 rw-p 00000000 00:00 0 
7efee0021000-7efee4000000 ---p 00000000 00:00 0 
7efee4000000-7efee4021000 rw-p 00000000 00:00 0 
7efee4021000-7efee8000000 ---p 00000000 00:00 0 
7efee8000000-7efee80f9000 rw-p 00000000 00:00 0 
7efee80f9000-7efeec000000 ---p 00000000 00:00 0 
7efeec000000-7efeec74d000 rw-p 00000000 00:00 0 
7efeec74d000-7efef0000000 ---p 00000000 00:00 0 
7efef0000000-7efef0021000 rw-p 00000000 00:00 0 
7efef0021000-7efef4000000 ---p 00000000 00:00 0 
7efef4000000-7efef417c000 rw-p 00000000 00:00 0 
7efef417c000-7efef8000000 ---p 00000000 00:00 0 
7efef8000000-7efef8021000 rw-p 00000000 00:00 0 
7efef8021000-7efefc000000 ---p 00000000 00:00 0 
7efefc000000-7efefc021000 rw-p 00000000 00:00 0 
7efefc021000-7eff00000000 ---p 00000000 00:00 0 
7eff00000000-7eff005fd000 rw-p 00000000 00:00 0 
7eff005fd000-7eff04000000 ---p 00000000 00:00 0 
7eff04000000-7eff04021000 rw-p 00000000 00:00 0 
7eff04021000-7eff08000000 ---p 00000000 00:00 0 
7eff08000000-7eff08d5d000 rw-p 00000000 00:00 0 
7eff08d5d000-7eff0c000000 ---p 00000000 00:00 0 
7eff0c044000-7eff0c058000 r-xp 00000000 08:02 15340163                   /lib/x86_64-linux-gnu/libgpg-error.so.0.22.0
7eff0c058000-7eff0c257000 ---p 00014000 08:02 15340163                   /lib/x86_64-linux-gnu/libgpg-error.so.0.22.0
7eff0c257000-7eff0c258000 r--p 00013000 08:02 15340163                   /lib/x86_64-linux-gnu/libgpg-error.so.0.22.0
7eff0c258000-7eff0c259000 rw-p 00014000 08:02 15340163                   /lib/x86_64-linux-gnu/libgpg-error.so.0.22.0
7eff0c259000-7eff0c36d000 r-xp 00000000 08:02 15335701                   /lib/x86_64-linux-gnu/libgcrypt.so.20.2.1
7eff0c36d000-7eff0c56c000 ---p 00114000 08:02 15335701                   /lib/x86_64-linux-gnu/libgcrypt.so.20.2.1
7eff0c56c000-7eff0c56e000 r--p 00113000 08:02 15335701                   /lib/x86_64-linux-gnu/libgcrypt.so.20.2.1
7eff0c56e000-7eff0c573000 rw-p 00115000 08:02 15335701                   /lib/x86_64-linux-gnu/libgcrypt.so.20.2.1
7eff0c573000-7eff0c574000 rw-p 00000000 00:00 0 
7eff0c574000-7eff0c58f000 r-xp 00000000 08:02 8659263                    /usr/lib/x86_64-linux-gnu/liblz4.so.1.7.1
7eff0c58f000-7eff0c78e000 ---p 0001b000 08:02 8659263                    /usr/lib/x86_64-linux-gnu/liblz4.so.1.7.1
7eff0c78e000-7eff0c78f000 r--p 0001a000 08:02 8659263                    /usr/lib/x86_64-linux-gnu/liblz4.so.1.7.1
7eff0c78f000-7eff0c790000 rw-p 0001b000 08:02 8659263                    /usr/lib/x86_64-linux-gnu/liblz4.so.1.7.1
7eff0c790000-7eff0c7b4000 r-xp 00000000 08:02 15340182                   /lib/x86_64-linux-gnu/liblzma.so.5.2.2
7eff0c7b4000-7eff0c9b4000 ---p 00024000 08:02 15340182                   /lib/x86_64-linux-gnu/liblzma.so.5.2.2
7eff0c9b4000-7eff0c9b5000 r--p 00024000 08:02 15340182                   /lib/x86_64-linux-gnu/liblzma.so.5.2.2
7eff0c9b5000-7eff0c9b6000 rw-p 00025000 08:02 15340182                   /lib/x86_64-linux-gnu/liblzma.so.5.2.2
7eff0c9b6000-7eff0ca36000 r-xp 00000000 08:02 15340276                   /lib/x86_64-linux-gnu/libsystemd.so.0.21.0
7eff0ca36000-7eff0cc35000 ---p 00080000 08:02 15340276                   /lib/x86_64-linux-gnu/libsystemd.so.0.21.0
7eff0cc35000-7eff0cc38000 r--p 0007f000 08:02 15340276                   /lib/x86_64-linux-gnu/libsystemd.so.0.21.0
7eff0cc38000-7eff0cc39000 rw-p 00082000 08:02 15340276                   /lib/x86_64-linux-gnu/libsystemd.so.0.21.0
7eff0cc39000-7eff0cc3a000 rw-p 00000000 00:00 0 
7eff0cc3a000-7eff0ccaa000 r-xp 00000000 08:02 15340244                   /lib/x86_64-linux-gnu/libpcre.so.3.13.3
7eff0ccaa000-7eff0ceaa000 ---p 00070000 08:02 15340244                   /lib/x86_64-linux-gnu/libpcre.so.3.13.3
7eff0ceaa000-7eff0ceab000 r--p 00070000 08:02 15340244                   /lib/x86_64-linux-gnu/libpcre.so.3.13.3
7eff0ceab000-7eff0ceac000 rw-p 00071000 08:02 15340244                   /lib/x86_64-linux-gnu/libpcre.so.3.13.3
7eff0ceac000-7eff0ceb3000 r-xp 00000000 08:02 8658897                    /usr/lib/x86_64-linux-gnu/libffi.so.6.0.4
7eff0ceb3000-7eff0d0b2000 ---p 00007000 08:02 8658897                    /usr/lib/x86_64-linux-gnu/libffi.so.6.0.4
7eff0d0b2000-7eff0d0b3000 r--p 00006000 08:02 8658897                    /usr/lib/x86_64-linux-gnu/libffi.so.6.0.4
7eff0d0b3000-7eff0d0b4000 rw-p 00007000 08:02 8658897                    /usr/lib/x86_64-linux-gnu/libffi.so.6.0.4
7eff0d0b4000-7eff0d0e0000 r-xp 00000000 08:02 8658645                    /usr/lib/x86_64-linux-gnu/libatspi.so.0.0.1
7eff0d0e0000-7eff0d2e0000 ---p 0002c000 08:02 8658645                    /usr/lib/x86_64-linux-gnu/libatspi.so.0.0.1
7eff0d2e0000-7eff0d2e3000 r--p 0002c000 08:02 8658645                    /usr/lib/x86_64-linux-gnu/libatspi.so.0.0.1
7eff0d2e3000-7eff0d2e4000 rw-p 0002f000 08:02 8658645                    /usr/lib/x86_64-linux-gnu/libatspi.so.0.0.1
7eff0d2e4000-7eff0d32f000 r-xp 00000000 08:02 15340137                   /lib/x86_64-linux-gnu/libdbus-1.so.3.19.4
7eff0d32f000-7eff0d52f000 ---p 0004b000 08:02 15340137                   /lib/x86_64-linux-gnu/libdbus-1.so.3.19.4
7eff0d52f000-7eff0d530000 r--p 0004b000 08:02 15340137                   /lib/x86_64-linux-gnu/libdbus-1.so.3.19.4
7eff0d530000-7eff0d531000 rw-p 0004c000 08:02 15340137                   /lib/x86_64-linux-gnu/libdbus-1.so.3.19.4
7eff0d531000-7eff0d644000 r-xp 00000000 08:02 8658991                    /usr/lib/x86_64-linux-gnu/libglib-2.0.so.0.5600.1
7eff0d644000-7eff0d844000 ---p 00113000 08:02 8658991                    /usr/lib/x86_64-linux-gnu/libglib-2.0.so.0.5600.1
7eff0d844000-7eff0d845000 r--p 00113000 08:02 8658991                    /usr/lib/x86_64-linux-gnu/libglib-2.0.so.0.5600.1
7eff0d845000-7eff0d846000 rw-p 00114000 08:02 8658991                    /usr/lib/x86_64-linux-gnu/libglib-2.0.so.0.5600.1
7eff0d846000-7eff0d847000 rw-p 00000000 00:00 0 
7eff0d847000-7eff0d899000 r-xp 00000000 08:02 8659019                    /usr/lib/x86_64-linux-gnu/libgobject-2.0.so.0.5600.1
7eff0d899000-7eff0da99000 ---p 00052000 08:02 8659019                    /usr/lib/x86_64-linux-gnu/libgobject-2.0.so.0.5600.1
7eff0da99000-7eff0da9a000 r--p 00052000 08:02 8659019                    /usr/lib/x86_64-linux-gnu/libgobject-2.0.so.0.5600.1
7eff0da9a000-7eff0da9b000 rw-p 00053000 08:02 8659019                    /usr/lib/x86_64-linux-gnu/libgobject-2.0.so.0.5600.1
7eff0da9b000-7eff0dac9000 r-xp 00000000 08:02 8658643                    /usr/lib/x86_64-linux-gnu/libatk-bridge-2.0.so.0.0.0
7eff0dac9000-7eff0dcc9000 ---p 0002e000 08:02 8658643                    /usr/lib/x86_64-linux-gnu/libatk-bridge-2.0.so.0.0.0
7eff0dcc9000-7eff0dcca000 r--p 0002e000 08:02 8658643                    /usr/lib/x86_64-linux-gnu/libatk-bridge-2.0.so.0.0.0
7eff0dcca000-7eff0dccb000 rw-p 0002f000 08:02 8658643                    /usr/lib/x86_64-linux-gnu/libatk-bridge-2.0.so.0.0.0
7eff0dccb000-7eff0dccc000 rw-p 00000000 00:00 0 
7eff0dccc000-7eff0dcee000 r-xp 00000000 08:02 8658641                    /usr/lib/x86_64-linux-gnu/libatk-1.0.so.0.22810.1
7eff0dcee000-7eff0deee000 ---p 00022000 08:02 8658641                    /usr/lib/x86_64-linux-gnu/libatk-1.0.so.0.22810.1
7eff0deee000-7eff0def1000 r--p 00022000 08:02 8658641                    /usr/lib/x86_64-linux-gnu/libatk-1.0.so.0.22810.1
7eff0def1000-7eff0def2000 rw-p 00025000 08:02 8658641                    /usr/lib/x86_64-linux-gnu/libatk-1.0.so.0.22810.1
7eff0def2000-7eff0df09000 r-xp 00000000 08:02 8916753                    /usr/lib/x86_64-linux-gnu/jni/libatk-wrapper.so.6.0.0
7eff0df09000-7eff0e109000 ---p 00017000 08:02 8916753                    /usr/lib/x86_64-linux-gnu/jni/libatk-wrapper.so.6.0.0
7eff0e109000-7eff0e10a000 r--p 00017000 08:02 8916753                    /usr/lib/x86_64-linux-gnu/jni/libatk-wrapper.so.6.0.0
7eff0e10a000-7eff0e10b000 rw-p 00018000 08:02 8916753                    /usr/lib/x86_64-linux-gnu/jni/libatk-wrapper.so.6.0.0
7eff0e10b000-7eff0e11c000 r-xp 00000000 08:02 9179823                    /usr/lib/jvm/java-8-openjdk-amd64/jre/lib/amd64/libnio.so
7eff0e11c000-7eff0e31c000 ---p 00011000 08:02 9179823                    /usr/lib/jvm/java-8-openjdk-amd64/jre/lib/amd64/libnio.so
7eff0e31c000-7eff0e31d000 r--p 00011000 08:02 9179823                    /usr/lib/jvm/java-8-openjdk-amd64/jre/lib/amd64/libnio.so
7eff0e31d000-7eff0e31e000 rw-p 00012000 08:02 9179823                    /usr/lib/jvm/java-8-openjdk-amd64/jre/lib/amd64/libnio.so
7eff0e31e000-7eff0e321000 ---p 00000000 00:00 0 
7eff0e321000-7eff0e41f000 rw-p 00000000 00:00 0 
7eff0e41f000-7eff0e424000 r-xp 00000000 08:02 8658570                    /usr/lib/x86_64-linux-gnu/libXfixes.so.3.1.0
7eff0e424000-7eff0e623000 ---p 00005000 08:02 8658570                    /usr/lib/x86_64-linux-gnu/libXfixes.so.3.1.0
7eff0e623000-7eff0e624000 r--p 00004000 08:02 8658570                    /usr/lib/x86_64-linux-gnu/libXfixes.so.3.1.0
7eff0e624000-7eff0e625000 rw-p 00005000 08:02 8658570                    /usr/lib/x86_64-linux-gnu/libXfixes.so.3.1.0
7eff0e625000-7eff0e62e000 r-xp 00000000 08:02 8658562                    /usr/lib/x86_64-linux-gnu/libXcursor.so.1.0.2
7eff0e62e000-7eff0e82d000 ---p 00009000 08:02 8658562                    /usr/lib/x86_64-linux-gnu/libXcursor.so.1.0.2
7eff0e82d000-7eff0e82e000 r--p 00008000 08:02 8658562                    /usr/lib/x86_64-linux-gnu/libXcursor.so.1.0.2
7eff0e82e000-7eff0e82f000 rw-p 00009000 08:02 8658562                    /usr/lib/x86_64-linux-gnu/libXcursor.so.1.0.2
7eff0e82f000-7eff0e832000 ---p 00000000 00:00 0 
7eff0e832000-7eff0e930000 rw-p 00000000 00:00 0 
7eff0e930000-7eff0e961000 r-xp 00000000 08:02 8659419                    /usr/lib/x86_64-linux-gnu/libpng16.so.16.34.0
7eff0e961000-7eff0eb60000 ---p 00031000 08:02 8659419                    /usr/lib/x86_64-linux-gnu/libpng16.so.16.34.0
7eff0eb60000-7eff0eb61000 r--p 00030000 08:02 8659419                    /usr/lib/x86_64-linux-gnu/libpng16.so.16.34.0
7eff0eb61000-7eff0eb62000 rw-p 00031000 08:02 8659419                    /usr/lib/x86_64-linux-gnu/libpng16.so.16.34.0
7eff0eb62000-7eff0ec0f000 r-xp 00000000 08:02 8658929                    /usr/lib/x86_64-linux-gnu/libfreetype.so.6.15.0
7eff0ec0f000-7eff0ee0e000 ---p 000ad000 08:02 8658929                    /usr/lib/x86_64-linux-gnu/libfreetype.so.6.15.0
7eff0ee0e000-7eff0ee15000 r--p 000ac000 08:02 8658929                    /usr/lib/x86_64-linux-gnu/libfreetype.so.6.15.0
7eff0ee15000-7eff0ee16000 rw-p 000b3000 08:02 8658929                    /usr/lib/x86_64-linux-gnu/libfreetype.so.6.15.0
7eff0ee16000-7eff0ee67000 r-xp 00000000 08:02 9179804                    /usr/lib/jvm/java-8-openjdk-amd64/jre/lib/amd64/libfontmanager.so
7eff0ee67000-7eff0f067000 ---p 00051000 08:02 9179804                    /usr/lib/jvm/java-8-openjdk-amd64/jre/lib/amd64/libfontmanager.so
7eff0f067000-7eff0f069000 r--p 00051000 08:02 9179804                    /usr/lib/jvm/java-8-openjdk-amd64/jre/lib/amd64/libfontmanager.so
7eff0f069000-7eff0f06a000 rw-p 00053000 08:02 9179804                    /usr/lib/jvm/java-8-openjdk-amd64/jre/lib/amd64/libfontmanager.so
7eff0f06a000-7eff0f07d000 r-xp 00000000 08:02 15340118                   /lib/x86_64-linux-gnu/libbsd.so.0.8.7
7eff0f07d000-7eff0f27c000 ---p 00013000 08:02 15340118                   /lib/x86_64-linux-gnu/libbsd.so.0.8.7
7eff0f27c000-7eff0f27d000 r--p 00012000 08:02 15340118                   /lib/x86_64-linux-gnu/libbsd.so.0.8.7
7eff0f27d000-7eff0f27e000 rw-p 00013000 08:02 15340118                   /lib/x86_64-linux-gnu/libbsd.so.0.8.7
7eff0f27e000-7eff0f27f000 rw-p 00000000 00:00 0 
7eff0f27f000-7eff0f284000 r-xp 00000000 08:02 8658566                    /usr/lib/x86_64-linux-gnu/libXdmcp.so.6.0.0
7eff0f284000-7eff0f483000 ---p 00005000 08:02 8658566                    /usr/lib/x86_64-linux-gnu/libXdmcp.so.6.0.0
7eff0f483000-7eff0f484000 r--p 00004000 08:02 8658566                    /usr/lib/x86_64-linux-gnu/libXdmcp.so.6.0.0
7eff0f484000-7eff0f485000 rw-p 00005000 08:02 8658566                    /usr/lib/x86_64-linux-gnu/libXdmcp.so.6.0.0
7eff0f485000-7eff0f487000 r-xp 00000000 08:02 8658555                    /usr/lib/x86_64-linux-gnu/libXau.so.6.0.0
7eff0f487000-7eff0f687000 ---p 00002000 08:02 8658555                    /usr/lib/x86_64-linux-gnu/libXau.so.6.0.0
7eff0f687000-7eff0f688000 r--p 00002000 08:02 8658555                    /usr/lib/x86_64-linux-gnu/libXau.so.6.0.0
7eff0f688000-7eff0f689000 rw-p 00003000 08:02 8658555                    /usr/lib/x86_64-linux-gnu/libXau.so.6.0.0
7eff0f689000-7eff0f6af000 r-xp 00000000 08:02 8659759                    /usr/lib/x86_64-linux-gnu/libxcb.so.1.1.0
7eff0f6af000-7eff0f8af000 ---p 00026000 08:02 8659759                    /usr/lib/x86_64-linux-gnu/libxcb.so.1.1.0
7eff0f8af000-7eff0f8b0000 r--p 00026000 08:02 8659759                    /usr/lib/x86_64-linux-gnu/libxcb.so.1.1.0
7eff0f8b0000-7eff0f8b1000 rw-p 00027000 08:02 8659759                    /usr/lib/x86_64-linux-gnu/libxcb.so.1.1.0
7eff0f8b1000-7eff0f8c0000 r-xp 00000000 08:02 8658576                    /usr/lib/x86_64-linux-gnu/libXi.so.6.1.0
7eff0f8c0000-7eff0fabf000 ---p 0000f000 08:02 8658576                    /usr/lib/x86_64-linux-gnu/libXi.so.6.1.0
7eff0fabf000-7eff0fac0000 r--p 0000e000 08:02 8658576                    /usr/lib/x86_64-linux-gnu/libXi.so.6.1.0
7eff0fac0000-7eff0fac1000 rw-p 0000f000 08:02 8658576                    /usr/lib/x86_64-linux-gnu/libXi.so.6.1.0
7eff0fac1000-7eff0fac6000 r-xp 00000000 08:02 8658594                    /usr/lib/x86_64-linux-gnu/libXtst.so.6.1.0
7eff0fac6000-7eff0fcc5000 ---p 00005000 08:02 8658594                    /usr/lib/x86_64-linux-gnu/libXtst.so.6.1.0
7eff0fcc5000-7eff0fcc6000 r--p 00004000 08:02 8658594                    /usr/lib/x86_64-linux-gnu/libXtst.so.6.1.0
7eff0fcc6000-7eff0fcc7000 rw-p 00005000 08:02 8658594                    /usr/lib/x86_64-linux-gnu/libXtst.so.6.1.0
7eff0fcc7000-7eff0fdfb000 r-xp 00000000 08:02 8658551                    /usr/lib/x86_64-linux-gnu/libX11.so.6.3.0
7eff0fdfb000-7eff0fffb000 ---p 00134000 08:02 8658551                    /usr/lib/x86_64-linux-gnu/libX11.so.6.3.0
7eff0fffb000-7eff0fffc000 r--p 00134000 08:02 8658551                    /usr/lib/x86_64-linux-gnu/libX11.so.6.3.0
7eff0fffc000-7eff10000000 rw-p 00135000 08:02 8658551                    /usr/lib/x86_64-linux-gnu/libX11.so.6.3.0
7eff10000000-7eff1019d000 rw-p 00000000 00:00 0 
7eff1019d000-7eff14000000 ---p 00000000 00:00 0 
7eff1402d000-7eff14030000 ---p 00000000 00:00 0 
7eff14030000-7eff14066000 rw-p 00000000 00:00 0 
7eff14066000-7eff1406f000 r-xp 00000000 08:02 8658588                    /usr/lib/x86_64-linux-gnu/libXrender.so.1.3.0
7eff1406f000-7eff1426e000 ---p 00009000 08:02 8658588                    /usr/lib/x86_64-linux-gnu/libXrender.so.1.3.0
7eff1426e000-7eff1426f000 r--p 00008000 08:02 8658588                    /usr/lib/x86_64-linux-gnu/libXrender.so.1.3.0
7eff1426f000-7eff14270000 rw-p 00009000 08:02 8658588                    /usr/lib/x86_64-linux-gnu/libXrender.so.1.3.0
7eff14270000-7eff18000000 rw-p 00000000 00:00 0 
7eff18000000-7eff18ba8000 rw-p 00000000 00:00 0 
7eff18ba8000-7eff1c000000 ---p 00000000 00:00 0 
7eff1c023000-7eff1c034000 r-xp 00000000 08:02 8658568                    /usr/lib/x86_64-linux-gnu/libXext.so.6.4.0
7eff1c034000-7eff1c233000 ---p 00011000 08:02 8658568                    /usr/lib/x86_64-linux-gnu/libXext.so.6.4.0
7eff1c233000-7eff1c234000 r--p 00010000 08:02 8658568                    /usr/lib/x86_64-linux-gnu/libXext.so.6.4.0
7eff1c234000-7eff1c235000 rw-p 00011000 08:02 8658568                    /usr/lib/x86_64-linux-gnu/libXext.so.6.4.0
7eff1c252000-7eff1c2a6000 r-xp 00000000 08:02 9179802                    /usr/lib/jvm/java-8-openjdk-amd64/jre/lib/amd64/libawt_xawt.so
7eff1c2a6000-7eff1c4a5000 ---p 00054000 08:02 9179802                    /usr/lib/jvm/java-8-openjdk-amd64/jre/lib/amd64/libawt_xawt.so
7eff1c4a5000-7eff1c4a6000 r--p 00053000 08:02 9179802                    /usr/lib/jvm/java-8-openjdk-amd64/jre/lib/amd64/libawt_xawt.so
7eff1c4a6000-7eff1c4a9000 rw-p 00054000 08:02 9179802                    /usr/lib/jvm/java-8-openjdk-amd64/jre/lib/amd64/libawt_xawt.so
7eff1c4a9000-7eff1c4aa000 rw-p 00000000 00:00 0 
7eff1c4aa000-7eff1c54a000 r-xp 00000000 08:02 9179800                    /usr/lib/jvm/java-8-openjdk-amd64/jre/lib/amd64/libawt.so
7eff1c54a000-7eff1c749000 ---p 000a0000 08:02 9179800                    /usr/lib/jvm/java-8-openjdk-amd64/jre/lib/amd64/libawt.so
7eff1c749000-7eff1c74a000 r--p 0009f000 08:02 9179800                    /usr/lib/jvm/java-8-openjdk-amd64/jre/lib/amd64/libawt.so
7eff1c74a000-7eff1c755000 rw-p 000a0000 08:02 9179800                    /usr/lib/jvm/java-8-openjdk-amd64/jre/lib/amd64/libawt.so
7eff1c755000-7eff1c77a000 rw-p 00000000 00:00 0 
7eff1c77a000-7eff1c790000 r-xp 00000000 08:02 9179822                    /usr/lib/jvm/java-8-openjdk-amd64/jre/lib/amd64/libnet.so
7eff1c790000-7eff1c990000 ---p 00016000 08:02 9179822                    /usr/lib/jvm/java-8-openjdk-amd64/jre/lib/amd64/libnet.so
7eff1c990000-7eff1c991000 r--p 00016000 08:02 9179822                    /usr/lib/jvm/java-8-openjdk-amd64/jre/lib/amd64/libnet.so
7eff1c991000-7eff1c992000 rw-p 00017000 08:02 9179822                    /usr/lib/jvm/java-8-openjdk-amd64/jre/lib/amd64/libnet.so
7eff1c992000-7eff1c99e000 r--s 0007c000 08:02 9437555                    /home/hjk/Documents/Uni/NoSQL/redis/DB-Zerstoerer/redis uebung/jedis-2.9.0.jar
7eff1c99e000-7eff1c9a1000 r--s 0001d000 08:02 6825752                    /home/hjk/Downloads/commons-pool2-2.5.0-bin/commons-pool2-2.5.0/commons-pool2-2.5.0.jar
7eff1c9a1000-7eff1c9a3000 r--s 0000c000 08:02 6162399                    /home/hjk/.p2/pool/plugins/org.hamcrest.core_1.3.0.v201303031735.jar
7eff1c9a3000-7eff1c9ab000 r--s 00045000 08:02 6163082                    /home/hjk/.p2/pool/plugins/org.junit_4.12.0.v201504281640/junit.jar
7eff1c9ab000-7eff1c9ad000 r--s 00004000 08:02 6161995                    /home/hjk/.p2/pool/plugins/org.opentest4j_1.0.0.v20170910-2246.jar
7eff1c9ad000-7eff1c9b0000 r--s 00010000 08:02 6163307                    /home/hjk/.p2/pool/plugins/org.junit.vintage.engine_4.12.0.v20170910-2246.jar
7eff1c9b0000-7eff1c9b2000 r--s 00006000 08:02 6162539                    /home/hjk/.p2/pool/plugins/org.junit.platform.suite.api_1.0.0.v20170910-2246.jar
7eff1c9b2000-7eff1c9b4000 r--s 00007000 08:02 6162458                    /home/hjk/.p2/pool/plugins/org.junit.platform.runner_1.0.0.v20170910-2246.jar
7eff1c9b4000-7eff1c9b6000 r--s 00010000 08:02 6163313                    /home/hjk/.p2/pool/plugins/org.junit.platform.launcher_1.0.0.v20170910-2246.jar
7eff1c9b6000-7eff1c9b9000 r--s 00018000 08:02 6163239                    /home/hjk/.p2/pool/plugins/org.junit.platform.engine_1.0.0.v20170910-2246.jar
7eff1c9b9000-7eff1c9bb000 r--s 00012000 08:02 6162691                    /home/hjk/.p2/pool/plugins/org.junit.platform.commons_1.0.0.v20170910-2246.jar
7eff1c9bb000-7eff1c9c7000 r--s 0006d000 08:02 6163033                    /home/hjk/.p2/pool/plugins/org.junit.jupiter.params_5.0.0.v20170910-2246.jar
7eff1c9c7000-7eff1c9c9000 r--s 00009000 08:02 6162708                    /home/hjk/.p2/pool/plugins/org.junit.jupiter.migrationsupport_5.0.0.v20170910-2246.jar
7eff1c9c9000-7eff1c9cd000 r--s 0001f000 08:02 6163210                    /home/hjk/.p2/pool/plugins/org.junit.jupiter.engine_5.0.0.v20170910-2246.jar
7eff1c9cd000-7eff1c9d2000 r--s 002f9000 08:02 9179834                    /usr/lib/jvm/java-8-openjdk-amd64/jre/lib/charsets.jar
7eff1c9d2000-7eff1c9ed000 r--s 001d6000 08:02 9179849                    /usr/lib/jvm/java-8-openjdk-amd64/jre/lib/ext/nashorn.jar
7eff1c9ed000-7eff1ca08000 r--s 00394000 08:02 9179844                    /usr/lib/jvm/java-8-openjdk-amd64/jre/lib/ext/cldrdata.jar
7eff1ca08000-7eff1ca09000 ---p 00000000 00:00 0 
7eff1ca09000-7eff1cb09000 rw-p 00000000 00:00 0 
7eff1cb09000-7eff1cb0c000 ---p 00000000 00:00 0 
7eff1cb0c000-7eff1cc0a000 rw-p 00000000 00:00 0 
7eff1cc0a000-7eff1cc0b000 ---p 00000000 00:00 0 
7eff1cc0b000-7eff1cc0e000 ---p 00000000 00:00 0 
7eff1cc0e000-7eff1cd0b000 rw-p 00000000 00:00 0 
7eff1cd0b000-7eff1cd0c000 ---p 00000000 00:00 0 
7eff1cd0c000-7eff1cd0f000 ---p 00000000 00:00 0 
7eff1cd0f000-7eff1ce0c000 rw-p 00000000 00:00 0 
7eff1ce0c000-7eff1ce0d000 ---p 00000000 00:00 0 
7eff1ce0d000-7eff1ce10000 ---p 00000000 00:00 0 
7eff1ce10000-7eff1cf0d000 rw-p 00000000 00:00 0 
7eff1cf0d000-7eff1cf10000 ---p 00000000 00:00 0 
7eff1cf10000-7eff1d00e000 rw-p 00000000 00:00 0 
7eff1d00e000-7eff1d9dd000 r--p 00000000 08:02 8657529                    /usr/lib/locale/locale-archive
7eff1d9dd000-7eff1d9e0000 ---p 00000000 00:00 0 
7eff1d9e0000-7eff1dade000 rw-p 00000000 00:00 0 
7eff1dade000-7eff1dae1000 ---p 00000000 00:00 0 
7eff1dae1000-7eff1dbdf000 rw-p 00000000 00:00 0 
7eff1dbdf000-7eff1dbe0000 ---p 00000000 00:00 0 
7eff1dbe0000-7eff1ec73000 rw-p 00000000 00:00 0 
7eff1ec73000-7eff1ee42000 r--s 03c2f000 08:02 9179873                    /usr/lib/jvm/java-8-openjdk-amd64/jre/lib/rt.jar
7eff1ee42000-7eff1fa91000 rw-p 00000000 00:00 0 
7eff1fa91000-7eff1fa92000 ---p 00000000 00:00 0 
7eff1fa92000-7eff1fb92000 rw-p 00000000 00:00 0 
7eff1fb92000-7eff1fb93000 ---p 00000000 00:00 0 
7eff1fb93000-7eff1fc93000 rw-p 00000000 00:00 0 
7eff1fc93000-7eff1fc94000 ---p 00000000 00:00 0 
7eff1fc94000-7eff1ff21000 rw-p 00000000 00:00 0 
7eff1ff21000-7eff20025000 ---p 00000000 00:00 0 
7eff20025000-7eff201b2000 rw-p 00000000 00:00 0 
7eff201b2000-7eff202b5000 ---p 00000000 00:00 0 
7eff202b5000-7eff203f1000 rw-p 00000000 00:00 0 
7eff203f1000-7eff203fe000 ---p 00000000 00:00 0 
7eff203fe000-7eff2040f000 rw-p 00000000 00:00 0 
7eff2040f000-7eff207bf000 ---p 00000000 00:00 0 
7eff207bf000-7eff20bbf000 rwxp 00000000 00:00 0 
7eff20bbf000-7eff2f7bf000 ---p 00000000 00:00 0 
7eff2f7bf000-7eff2f7c7000 r-xp 00000000 08:02 9179830                    /usr/lib/jvm/java-8-openjdk-amd64/jre/lib/amd64/libzip.so
7eff2f7c7000-7eff2f9c6000 ---p 00008000 08:02 9179830                    /usr/lib/jvm/java-8-openjdk-amd64/jre/lib/amd64/libzip.so
7eff2f9c6000-7eff2f9c7000 r--p 00007000 08:02 9179830                    /usr/lib/jvm/java-8-openjdk-amd64/jre/lib/amd64/libzip.so
7eff2f9c7000-7eff2f9c8000 rw-p 00008000 08:02 9179830                    /usr/lib/jvm/java-8-openjdk-amd64/jre/lib/amd64/libzip.so
7eff2f9c8000-7eff2f9d3000 r-xp 00000000 08:02 15340212                   /lib/x86_64-linux-gnu/libnss_files-2.27.so
7eff2f9d3000-7eff2fbd2000 ---p 0000b000 08:02 15340212                   /lib/x86_64-linux-gnu/libnss_files-2.27.so
7eff2fbd2000-7eff2fbd3000 r--p 0000a000 08:02 15340212                   /lib/x86_64-linux-gnu/libnss_files-2.27.so
7eff2fbd3000-7eff2fbd4000 rw-p 0000b000 08:02 15340212                   /lib/x86_64-linux-gnu/libnss_files-2.27.so
7eff2fbd4000-7eff2fbda000 rw-p 00000000 00:00 0 
7eff2fbda000-7eff2fbf1000 r-xp 00000000 08:02 15340206                   /lib/x86_64-linux-gnu/libnsl-2.27.so
7eff2fbf1000-7eff2fdf0000 ---p 00017000 08:02 15340206                   /lib/x86_64-linux-gnu/libnsl-2.27.so
7eff2fdf0000-7eff2fdf1000 r--p 00016000 08:02 15340206                   /lib/x86_64-linux-gnu/libnsl-2.27.so
7eff2fdf1000-7eff2fdf2000 rw-p 00017000 08:02 15340206                   /lib/x86_64-linux-gnu/libnsl-2.27.so
7eff2fdf2000-7eff2fdf4000 rw-p 00000000 00:00 0 
7eff2fdf4000-7eff2fdff000 r-xp 00000000 08:02 15340223                   /lib/x86_64-linux-gnu/libnss_nis-2.27.so
7eff2fdff000-7eff2fffe000 ---p 0000b000 08:02 15340223                   /lib/x86_64-linux-gnu/libnss_nis-2.27.so
7eff2fffe000-7eff2ffff000 r--p 0000a000 08:02 15340223                   /lib/x86_64-linux-gnu/libnss_nis-2.27.so
7eff2ffff000-7eff30000000 rw-p 0000b000 08:02 15340223                   /lib/x86_64-linux-gnu/libnss_nis-2.27.so
7eff30000000-7eff304bf000 rw-p 00000000 00:00 0 
7eff304bf000-7eff34000000 ---p 00000000 00:00 0 
7eff34000000-7eff34001000 r--s 00003000 08:02 6161947                    /home/hjk/.p2/pool/plugins/org.apiguardian_1.0.0.v20170910-2246.jar
7eff34001000-7eff34003000 r--s 00016000 08:02 6163258                    /home/hjk/.p2/pool/plugins/org.junit.jupiter.api_5.0.0.v20170910-2246.jar
7eff34003000-7eff34016000 r--s 00346000 08:02 9179872                    /usr/lib/jvm/java-8-openjdk-amd64/jre/lib/resources.jar
7eff34016000-7eff34064000 rw-p 00000000 00:00 0 
7eff34064000-7eff34065000 ---p 00000000 00:00 0 
7eff34065000-7eff34165000 rw-p 00000000 00:00 0 
7eff34165000-7eff3416d000 r-xp 00000000 08:02 15340208                   /lib/x86_64-linux-gnu/libnss_compat-2.27.so
7eff3416d000-7eff3436d000 ---p 00008000 08:02 15340208                   /lib/x86_64-linux-gnu/libnss_compat-2.27.so
7eff3436d000-7eff3436e000 r--p 00008000 08:02 15340208                   /lib/x86_64-linux-gnu/libnss_compat-2.27.so
7eff3436e000-7eff3436f000 rw-p 00009000 08:02 15340208                   /lib/x86_64-linux-gnu/libnss_compat-2.27.so
7eff3436f000-7eff3439d000 r-xp 00000000 08:02 9179811                    /usr/lib/jvm/java-8-openjdk-amd64/jre/lib/amd64/libjava.so
7eff3439d000-7eff3459c000 ---p 0002e000 08:02 9179811                    /usr/lib/jvm/java-8-openjdk-amd64/jre/lib/amd64/libjava.so
7eff3459c000-7eff3459d000 r--p 0002d000 08:02 9179811                    /usr/lib/jvm/java-8-openjdk-amd64/jre/lib/amd64/libjava.so
7eff3459d000-7eff3459f000 rw-p 0002e000 08:02 9179811                    /usr/lib/jvm/java-8-openjdk-amd64/jre/lib/amd64/libjava.so
7eff3459f000-7eff345af000 r-xp 00000000 08:02 9179829                    /usr/lib/jvm/java-8-openjdk-amd64/jre/lib/amd64/libverify.so
7eff345af000-7eff347ae000 ---p 00010000 08:02 9179829                    /usr/lib/jvm/java-8-openjdk-amd64/jre/lib/amd64/libverify.so
7eff347ae000-7eff347b0000 r--p 0000f000 08:02 9179829                    /usr/lib/jvm/java-8-openjdk-amd64/jre/lib/amd64/libverify.so
7eff347b0000-7eff347b1000 rw-p 00011000 08:02 9179829                    /usr/lib/jvm/java-8-openjdk-amd64/jre/lib/amd64/libverify.so
7eff347b1000-7eff347b8000 r-xp 00000000 08:02 15340263                   /lib/x86_64-linux-gnu/librt-2.27.so
7eff347b8000-7eff349b7000 ---p 00007000 08:02 15340263                   /lib/x86_64-linux-gnu/librt-2.27.so
7eff349b7000-7eff349b8000 r--p 00006000 08:02 15340263                   /lib/x86_64-linux-gnu/librt-2.27.so
7eff349b8000-7eff349b9000 rw-p 00007000 08:02 15340263                   /lib/x86_64-linux-gnu/librt-2.27.so
7eff349b9000-7eff349d0000 r-xp 00000000 08:02 15340159                   /lib/x86_64-linux-gnu/libgcc_s.so.1
7eff349d0000-7eff34bcf000 ---p 00017000 08:02 15340159                   /lib/x86_64-linux-gnu/libgcc_s.so.1
7eff34bcf000-7eff34bd0000 r--p 00016000 08:02 15340159                   /lib/x86_64-linux-gnu/libgcc_s.so.1
7eff34bd0000-7eff34bd1000 rw-p 00017000 08:02 15340159                   /lib/x86_64-linux-gnu/libgcc_s.so.1
7eff34bd1000-7eff34d6e000 r-xp 00000000 08:02 15340185                   /lib/x86_64-linux-gnu/libm-2.27.so
7eff34d6e000-7eff34f6d000 ---p 0019d000 08:02 15340185                   /lib/x86_64-linux-gnu/libm-2.27.so
7eff34f6d000-7eff34f6e000 r--p 0019c000 08:02 15340185                   /lib/x86_64-linux-gnu/libm-2.27.so
7eff34f6e000-7eff34f6f000 rw-p 0019d000 08:02 15340185                   /lib/x86_64-linux-gnu/libm-2.27.so
7eff34f6f000-7eff350ed000 r-xp 00000000 08:02 8659576                    /usr/lib/x86_64-linux-gnu/libstdc++.so.6.0.25
7eff350ed000-7eff352ed000 ---p 0017e000 08:02 8659576                    /usr/lib/x86_64-linux-gnu/libstdc++.so.6.0.25
7eff352ed000-7eff352f7000 r--p 0017e000 08:02 8659576                    /usr/lib/x86_64-linux-gnu/libstdc++.so.6.0.25
7eff352f7000-7eff352f9000 rw-p 00188000 08:02 8659576                    /usr/lib/x86_64-linux-gnu/libstdc++.so.6.0.25
7eff352f9000-7eff352fd000 rw-p 00000000 00:00 0 
7eff352fd000-7eff35f8e000 r-xp 00000000 08:02 9179833                    /usr/lib/jvm/java-8-openjdk-amd64/jre/lib/amd64/server/libjvm.so
7eff35f8e000-7eff3618e000 ---p 00c91000 08:02 9179833                    /usr/lib/jvm/java-8-openjdk-amd64/jre/lib/amd64/server/libjvm.so
7eff3618e000-7eff36221000 r--p 00c91000 08:02 9179833                    /usr/lib/jvm/java-8-openjdk-amd64/jre/lib/amd64/server/libjvm.so
7eff36221000-7eff36249000 rw-p 00d24000 08:02 9179833                    /usr/lib/jvm/java-8-openjdk-amd64/jre/lib/amd64/server/libjvm.so
7eff36249000-7eff3627a000 rw-p 00000000 00:00 0 
7eff3627a000-7eff36294000 r-xp 00000000 08:02 15340255                   /lib/x86_64-linux-gnu/libpthread-2.27.so
7eff36294000-7eff36493000 ---p 0001a000 08:02 15340255                   /lib/x86_64-linux-gnu/libpthread-2.27.so
7eff36493000-7eff36494000 r--p 00019000 08:02 15340255                   /lib/x86_64-linux-gnu/libpthread-2.27.so
7eff36494000-7eff36495000 rw-p 0001a000 08:02 15340255                   /lib/x86_64-linux-gnu/libpthread-2.27.so
7eff36495000-7eff36499000 rw-p 00000000 00:00 0 
7eff36499000-7eff3649c000 r-xp 00000000 08:02 15340145                   /lib/x86_64-linux-gnu/libdl-2.27.so
7eff3649c000-7eff3669b000 ---p 00003000 08:02 15340145                   /lib/x86_64-linux-gnu/libdl-2.27.so
7eff3669b000-7eff3669c000 r--p 00002000 08:02 15340145                   /lib/x86_64-linux-gnu/libdl-2.27.so
7eff3669c000-7eff3669d000 rw-p 00003000 08:02 15340145                   /lib/x86_64-linux-gnu/libdl-2.27.so
7eff3669d000-7eff366b9000 r-xp 00000000 08:02 15340294                   /lib/x86_64-linux-gnu/libz.so.1.2.11
7eff366b9000-7eff368b8000 ---p 0001c000 08:02 15340294                   /lib/x86_64-linux-gnu/libz.so.1.2.11
7eff368b8000-7eff368b9000 r--p 0001b000 08:02 15340294                   /lib/x86_64-linux-gnu/libz.so.1.2.11
7eff368b9000-7eff368ba000 rw-p 0001c000 08:02 15340294                   /lib/x86_64-linux-gnu/libz.so.1.2.11
7eff368ba000-7eff36aa1000 r-xp 00000000 08:02 15340122                   /lib/x86_64-linux-gnu/libc-2.27.so
7eff36aa1000-7eff36ca1000 ---p 001e7000 08:02 15340122                   /lib/x86_64-linux-gnu/libc-2.27.so
7eff36ca1000-7eff36ca5000 r--p 001e7000 08:02 15340122                   /lib/x86_64-linux-gnu/libc-2.27.so
7eff36ca5000-7eff36ca7000 rw-p 001eb000 08:02 15340122                   /lib/x86_64-linux-gnu/libc-2.27.so
7eff36ca7000-7eff36cab000 rw-p 00000000 00:00 0 
7eff36cab000-7eff36cb9000 r-xp 00000000 08:02 9179797                    /usr/lib/jvm/java-8-openjdk-amd64/jre/lib/amd64/jli/libjli.so
7eff36cb9000-7eff36eb8000 ---p 0000e000 08:02 9179797                    /usr/lib/jvm/java-8-openjdk-amd64/jre/lib/amd64/jli/libjli.so
7eff36eb8000-7eff36eb9000 r--p 0000d000 08:02 9179797                    /usr/lib/jvm/java-8-openjdk-amd64/jre/lib/amd64/jli/libjli.so
7eff36eb9000-7eff36eba000 rw-p 0000e000 08:02 9179797                    /usr/lib/jvm/java-8-openjdk-amd64/jre/lib/amd64/jli/libjli.so
7eff36eba000-7eff36ee1000 r-xp 00000000 08:02 15340094                   /lib/x86_64-linux-gnu/ld-2.27.so
7eff36ee1000-7eff36ee2000 r--s 00005000 08:02 9437224                    /home/hjk/Documents/Uni/NoSQL/redis/DB-Zerstoerer/redis uebung/json-simple-1.1.1.jar
7eff36ee2000-7eff36ee4000 r--s 00016000 08:02 9179865                    /usr/lib/jvm/java-8-openjdk-amd64/jre/lib/jce.jar
7eff36ee4000-7eff36ee9000 r--s 0009d000 08:02 9179867                    /usr/lib/jvm/java-8-openjdk-amd64/jre/lib/jsse.jar
7eff36ee9000-7eff36eec000 r--s 0000f000 08:02 9179846                    /usr/lib/jvm/java-8-openjdk-amd64/jre/lib/ext/icedtea-sound.jar
7eff36eec000-7eff36eee000 r--s 00007000 08:02 9048170                    /usr/share/java/java-atk-wrapper.jar
7eff36eee000-7eff36ef4000 r--s 0003b000 08:02 9179851                    /usr/lib/jvm/java-8-openjdk-amd64/jre/lib/ext/sunjce_provider.jar
7eff36ef4000-7eff36fbf000 rw-p 00000000 00:00 0 
7eff36fbf000-7eff36fc0000 ---p 00000000 00:00 0 
7eff36fc0000-7eff36fc3000 ---p 00000000 00:00 0 
7eff36fc3000-7eff370c2000 rw-p 00000000 00:00 0 
7eff370c2000-7eff370c3000 r--s 0000a000 08:02 9179847                    /usr/lib/jvm/java-8-openjdk-amd64/jre/lib/ext/jaccess.jar
7eff370c3000-7eff370c6000 r--s 00038000 08:02 9179852                    /usr/lib/jvm/java-8-openjdk-amd64/jre/lib/ext/sunpkcs11.jar
7eff370c6000-7eff370d0000 r--s 00116000 08:02 9179848                    /usr/lib/jvm/java-8-openjdk-amd64/jre/lib/ext/localedata.jar
7eff370d0000-7eff370d1000 r--s 00010000 08:02 9179853                    /usr/lib/jvm/java-8-openjdk-amd64/jre/lib/ext/zipfs.jar
7eff370d1000-7eff370d3000 r--s 00008000 08:02 9179850                    /usr/lib/jvm/java-8-openjdk-amd64/jre/lib/ext/sunec.jar
7eff370d3000-7eff370d5000 r--s 00001000 08:02 9179845                    /usr/lib/jvm/java-8-openjdk-amd64/jre/lib/ext/dnsns.jar
7eff370d5000-7eff370dd000 rw-s 00000000 08:02 10617695                   /tmp/hsperfdata_hjk/11539
7eff370dd000-7eff370de000 rw-p 00000000 00:00 0 
7eff370de000-7eff370df000 ---p 00000000 00:00 0 
7eff370df000-7eff370e1000 rw-p 00000000 00:00 0 
7eff370e1000-7eff370e2000 r--p 00027000 08:02 15340094                   /lib/x86_64-linux-gnu/ld-2.27.so
7eff370e2000-7eff370e3000 rw-p 00028000 08:02 15340094                   /lib/x86_64-linux-gnu/ld-2.27.so
7eff370e3000-7eff370e4000 rw-p 00000000 00:00 0 
7ffd53e65000-7ffd53e87000 rw-p 00000000 00:00 0                          [stack]
7ffd53f09000-7ffd53f0c000 r--p 00000000 00:00 0                          [vvar]
7ffd53f0c000-7ffd53f0e000 r-xp 00000000 00:00 0                          [vdso]
ffffffffff600000-ffffffffff601000 r-xp 00000000 00:00 0                  [vsyscall]

VM Arguments:
jvm_args: -Dfile.encoding=UTF-8 
java_command: JsonReader
java_class_path (initial): /usr/lib/jvm/java-8-openjdk-amd64/jre/lib/resources.jar:/usr/lib/jvm/java-8-openjdk-amd64/jre/lib/rt.jar:/usr/lib/jvm/java-8-openjdk-amd64/jre/lib/jsse.jar:/usr/lib/jvm/java-8-openjdk-amd64/jre/lib/jce.jar:/usr/lib/jvm/java-8-openjdk-amd64/jre/lib/charsets.jar:/usr/lib/jvm/java-8-openjdk-amd64/jre/lib/ext/cldrdata.jar:/usr/lib/jvm/java-8-openjdk-amd64/jre/lib/ext/dnsns.jar:/usr/lib/jvm/java-8-openjdk-amd64/jre/lib/ext/sunec.jar:/usr/lib/jvm/java-8-openjdk-amd64/jre/lib/ext/zipfs.jar:/usr/lib/jvm/java-8-openjdk-amd64/jre/lib/ext/localedata.jar:/usr/lib/jvm/java-8-openjdk-amd64/jre/lib/ext/sunjce_provider.jar:/usr/lib/jvm/java-8-openjdk-amd64/jre/lib/ext/nashorn.jar:/usr/lib/jvm/java-8-openjdk-amd64/jre/lib/ext/sunpkcs11.jar:/usr/lib/jvm/java-8-openjdk-amd64/jre/lib/ext/java-atk-wrapper.jar:/usr/lib/jvm/java-8-openjdk-amd64/jre/lib/ext/jaccess.jar:/usr/lib/jvm/java-8-openjdk-amd64/jre/lib/ext/icedtea-sound.jar:/home/hjk/Documents/Uni/NoSQL/redis/DB-Zerstoerer/redis uebung/bin:/home/hjk/Documents/Uni/NoSQL/redis/DB-Zerstoerer/redis uebung/json-simple-1.1.1.jar:/home/hjk/.p2/pool/plugins/org.junit.jupiter.api_5.0.0.v20170910-2246.jar:/home/hjk/.p2/pool/plugins/org.junit.jupiter.engine_5.0.0.v20170910-2246.jar:/home/hjk/.p2/pool/plugins/org.junit.jupiter.migrationsupport_5.0.0.v20170910-2246.jar:/home/hjk/.p2/pool/plugins/org.junit.jupiter.params_5.0.0.v20170910-2246.jar:/home/hjk/.p2/pool/plugins/org.junit.platform.commons_1.0.0.v20170910-2246.jar:/home/hjk/.p2/pool/plugins/org.junit.platform.engine_1.0.0.v20170910-2246.jar:/home/hjk/.p2/pool/plugins/org.junit.platform.launcher_1.0.0.v20170910-2246.jar:/home/hjk/.p2/pool/plugins/org.junit.platform.runner_1.0.0.v20170910-2246.jar:/home/hjk/.p2/pool/plugins/org.junit.platform.suite.api_1.0.0.v20170910-2246.jar:/home/hjk/.p2/pool/plugins/org.junit.vintage.engine_4.12.0.v20170910-2246.jar:/home/hjk/.p2/pool/plugins/org.opentest4j_1.0.0.v20170910-2246.jar:/home/hjk/.p2/pool/plugins/org.apiguardia
Launcher Type: SUN_STANDARD

Environment Variables:
PATH=/home/hjk/.local/bin:/usr/local/sbin:/usr/local/bin:/usr/sbin:/usr/bin:/sbin:/bin:/usr/games:/usr/local/games:/snap/bin
USERNAME=hjk
SHELL=/bin/bash
DISPLAY=:0

Signal Handlers:
SIGSEGV: [libjvm.so+0xaabcd0], sa_mask[0]=11111111011111111101111111111110, sa_flags=SA_RESTART|SA_SIGINFO
SIGBUS: [libjvm.so+0xaabcd0], sa_mask[0]=11111111011111111101111111111110, sa_flags=SA_RESTART|SA_SIGINFO
SIGFPE: [libjvm.so+0x8e1d50], sa_mask[0]=11111111011111111101111111111110, sa_flags=SA_RESTART|SA_SIGINFO
SIGPIPE: [libjvm.so+0x8e1d50], sa_mask[0]=11111111011111111101111111111110, sa_flags=SA_RESTART|SA_SIGINFO
SIGXFSZ: [libjvm.so+0x8e1d50], sa_mask[0]=11111111011111111101111111111110, sa_flags=SA_RESTART|SA_SIGINFO
SIGILL: [libjvm.so+0x8e1d50], sa_mask[0]=11111111011111111101111111111110, sa_flags=SA_RESTART|SA_SIGINFO
SIGUSR1: SIG_DFL, sa_mask[0]=00000000000000000000000000000000, sa_flags=none
SIGUSR2: [libjvm.so+0x8e1c00], sa_mask[0]=00100000000000000000000000000000, sa_flags=SA_RESTART|SA_SIGINFO
SIGHUP: [libjvm.so+0x8e20b0], sa_mask[0]=11111111011111111101111111111110, sa_flags=SA_RESTART|SA_SIGINFO
SIGINT: [libjvm.so+0x8e20b0], sa_mask[0]=11111111011111111101111111111110, sa_flags=SA_RESTART|SA_SIGINFO
SIGTERM: [libjvm.so+0x8e20b0], sa_mask[0]=11111111011111111101111111111110, sa_flags=SA_RESTART|SA_SIGINFO
SIGQUIT: [libjvm.so+0x8e20b0], sa_mask[0]=11111111011111111101111111111110, sa_flags=SA_RESTART|SA_SIGINFO


---------------  S Y S T E M  ---------------

OS:DISTRIB_ID=Ubuntu
DISTRIB_RELEASE=18.04
DISTRIB_CODENAME=bionic
DISTRIB_DESCRIPTION="Ubuntu 18.04 LTS"

uname:Linux 4.15.0-23-generic #25-Ubuntu SMP Wed May 23 18:02:16 UTC 2018 x86_64
libc:glibc 2.27 NPTL 2.27 
rlimit: STACK 8192k, CORE 0k, NPROC 30847, NOFILE 4096, AS infinity
load average:2,07 1,96 1,81

/proc/meminfo:
MemTotal:        8063552 kB
MemFree:          126332 kB
MemAvailable:      63928 kB
Buffers:            1768 kB
Cached:           358632 kB
SwapCached:        53268 kB
Active:          6662220 kB
Inactive:         929852 kB
Active(anon):    6611840 kB
Inactive(anon):   867488 kB
Active(file):      50380 kB
Inactive(file):    62364 kB
Unevictable:          64 kB
Mlocked:              64 kB
SwapTotal:       2097148 kB
SwapFree:          58760 kB
Dirty:               388 kB
Writeback:             0 kB
AnonPages:       7178492 kB
Mapped:           273196 kB
Shmem:            247664 kB
Slab:             125712 kB
SReclaimable:      44380 kB
SUnreclaim:        81332 kB
KernelStack:       34368 kB
PageTables:       101984 kB
NFS_Unstable:          0 kB
Bounce:                0 kB
WritebackTmp:          0 kB
CommitLimit:     6128924 kB
Committed_AS:   26201760 kB
VmallocTotal:   34359738367 kB
VmallocUsed:           0 kB
VmallocChunk:          0 kB
HardwareCorrupted:     0 kB
AnonHugePages:         0 kB
ShmemHugePages:        0 kB
ShmemPmdMapped:        0 kB
CmaTotal:              0 kB
CmaFree:               0 kB
HugePages_Total:       0
HugePages_Free:        0
HugePages_Rsvd:        0
HugePages_Surp:        0
Hugepagesize:       2048 kB
DirectMap4k:      227348 kB
DirectMap2M:     8056832 kB
DirectMap1G:           0 kB


CPU:total 4 (initial active 4) (2 cores per cpu, 2 threads per core) family 6 model 142 stepping 9, cmov, cx8, fxsr, mmx, sse, sse2, sse3, ssse3, sse4.1, sse4.2, popcnt, avx, avx2, aes, clmul, erms, 3dnowpref, lzcnt, ht, tsc, tscinvbit, bmi1, bmi2, adx

/proc/cpuinfo:
processor	: 0
vendor_id	: GenuineIntel
cpu family	: 6
model		: 142
model name	: Intel(R) Core(TM) i7-7500U CPU @ 2.70GHz
stepping	: 9
microcode	: 0x84
cpu MHz		: 3500.024
cache size	: 4096 KB
physical id	: 0
siblings	: 4
core id		: 0
cpu cores	: 2
apicid		: 0
initial apicid	: 0
fpu		: yes
fpu_exception	: yes
cpuid level	: 22
wp		: yes
flags		: fpu vme de pse tsc msr pae mce cx8 apic sep mtrr pge mca cmov pat pse36 clflush dts acpi mmx fxsr sse sse2 ss ht tm pbe syscall nx pdpe1gb rdtscp lm constant_tsc art arch_perfmon pebs bts rep_good nopl xtopology nonstop_tsc cpuid aperfmperf tsc_known_freq pni pclmulqdq dtes64 monitor ds_cpl vmx est tm2 ssse3 sdbg fma cx16 xtpr pdcm pcid sse4_1 sse4_2 x2apic movbe popcnt tsc_deadline_timer aes xsave avx f16c rdrand lahf_lm abm 3dnowprefetch cpuid_fault epb invpcid_single pti ibrs ibpb stibp tpr_shadow vnmi flexpriority ept vpid fsgsbase tsc_adjust bmi1 avx2 smep bmi2 erms invpcid mpx rdseed adx smap clflushopt intel_pt xsaveopt xsavec xgetbv1 xsaves dtherm ida arat pln pts hwp hwp_notify hwp_act_window hwp_epp
bugs		: cpu_meltdown spectre_v1 spectre_v2 spec_store_bypass
bogomips	: 5808.00
clflush size	: 64
cache_alignment	: 64
address sizes	: 39 bits physical, 48 bits virtual
power management:

processor	: 1
vendor_id	: GenuineIntel
cpu family	: 6
model		: 142
model name	: Intel(R) Core(TM) i7-7500U CPU @ 2.70GHz
stepping	: 9
microcode	: 0x84
cpu MHz		: 3499.994
cache size	: 4096 KB
physical id	: 0
siblings	: 4
core id		: 1
cpu cores	: 2
apicid		: 2
initial apicid	: 2
fpu		: yes
fpu_exception	: yes
cpuid level	: 22
wp		: yes
flags		: fpu vme de pse tsc msr pae mce cx8 apic sep mtrr pge mca cmov pat pse36 clflush dts acpi mmx fxsr sse sse2 ss ht tm pbe syscall nx pdpe1gb rdtscp lm constant_tsc art arch_perfmon pebs bts rep_good nopl xtopology nonstop_tsc cpuid aperfmperf tsc_known_freq pni pclmulqdq dtes64 monitor ds_cpl vmx est tm2 ssse3 sdbg fma cx16 xtpr pdcm pcid sse4_1 sse4_2 x2apic movbe popcnt tsc_deadline_timer aes xsave avx f16c rdrand lahf_lm abm 3dnowprefetch cpuid_fault epb invpcid_single pti ibrs ibpb stibp tpr_shadow vnmi flexpriority ept vpid fsgsbase tsc_adjust bmi1 avx2 smep bmi2 erms invpcid mpx rdseed adx smap clflushopt intel_pt xsaveopt xsavec xgetbv1 xsaves dtherm ida arat pln pts hwp hwp_notify hwp_act_window hwp_epp
bugs		: cpu_meltdown spectre_v1 spectre_v2 spec_store_bypass
bogomips	: 5808.00
clflush size	: 64
cache_alignment	: 64
address sizes	: 39 bits physical, 48 bits virtual
power management:

processor	: 2
vendor_id	: GenuineIntel
cpu family	: 6
model		: 142
model name	: Intel(R) Core(TM) i7-7500U CPU @ 2.70GHz
stepping	: 9
microcode	: 0x84
cpu MHz		: 3500.014
cache size	: 4096 KB
physical id	: 0
siblings	: 4
core id		: 0
cpu cores	: 2
apicid		: 1
initial apicid	: 1
fpu		: yes
fpu_exception	: yes
cpuid level	: 22
wp		: yes
flags		: fpu vme de pse tsc msr pae mce cx8 apic sep mtrr pge mca cmov pat pse36 clflush dts acpi mmx fxsr sse sse2 ss ht tm pbe syscall nx pdpe1gb rdtscp lm constant_tsc art arch_perfmon pebs bts rep_good nopl xtopology nonstop_tsc cpuid aperfmperf tsc_known_freq pni pclmulqdq dtes64 monitor ds_cpl vmx est tm2 ssse3 sdbg fma cx16 xtpr pdcm pcid sse4_1 sse4_2 x2apic movbe popcnt tsc_deadline_timer aes xsave avx f16c rdrand lahf_lm abm 3dnowprefetch cpuid_fault epb invpcid_single pti ibrs ibpb stibp tpr_shadow vnmi flexpriority ept vpid fsgsbase tsc_adjust bmi1 avx2 smep bmi2 erms invpcid mpx rdseed adx smap clflushopt intel_pt xsaveopt xsavec xgetbv1 xsaves dtherm ida arat pln pts hwp hwp_notify hwp_act_window hwp_epp
bugs		: cpu_meltdown spectre_v1 spectre_v2 spec_store_bypass
bogomips	: 5808.00
clflush size	: 64
cache_alignment	: 64
address sizes	: 39 bits physical, 48 bits virtual
power management:

processor	: 3
vendor_id	: GenuineIntel
cpu family	: 6
model		: 142
model name	: Intel(R) Core(TM) i7-7500U CPU @ 2.70GHz
stepping	: 9
microcode	: 0x84
cpu MHz		: 3499.999
cache size	: 4096 KB
physical id	: 0
siblings	: 4
core id		: 1
cpu cores	: 2
apicid		: 3
initial apicid	: 3
fpu		: yes
fpu_exception	: yes
cpuid level	: 22
wp		: yes
flags		: fpu vme de pse tsc msr pae mce cx8 apic sep mtrr pge mca cmov pat pse36 clflush dts acpi mmx fxsr sse sse2 ss ht tm pbe syscall nx pdpe1gb rdtscp lm constant_tsc art arch_perfmon pebs bts rep_good nopl xtopology nonstop_tsc cpuid aperfmperf tsc_known_freq pni pclmulqdq dtes64 monitor ds_cpl vmx est tm2 ssse3 sdbg fma cx16 xtpr pdcm pcid sse4_1 sse4_2 x2apic movbe popcnt tsc_deadline_timer aes xsave avx f16c rdrand lahf_lm abm 3dnowprefetch cpuid_fault epb invpcid_single pti ibrs ibpb stibp tpr_shadow vnmi flexpriority ept vpid fsgsbase tsc_adjust bmi1 avx2 smep bmi2 erms invpcid mpx rdseed adx smap clflushopt intel_pt xsaveopt xsavec xgetbv1 xsaves dtherm ida arat pln pts hwp hwp_notify hwp_act_window hwp_epp
bugs		: cpu_meltdown spectre_v1 spectre_v2 spec_store_bypass
bogomips	: 5808.00
clflush size	: 64
cache_alignment	: 64
address sizes	: 39 bits physical, 48 bits virtual
power management:



Memory: 4k page, physical 8063552k(134956k free), swap 2097148k(58760k free)

vm_info: OpenJDK 64-Bit Server VM (25.171-b11) for linux-amd64 JRE (1.8.0_171-8u171-b11-0ubuntu0.18.04.1-b11), built on Apr 26 2018 15:59:34 by "buildd" with gcc 7.3.0

time: Mon Jun 25 15:30:27 2018
elapsed time: 21 seconds (0d 0h 0m 21s)

